[01-Mar-2024 07:25:19 Europe/Moscow] PHP Warning:  include_once(/home/h/hualian/xiaojin/public_html/bitrix/modules/main/include/urlrewrite.php): Failed to open stream: No such file or directory in /home/h/hualian/xiaojin/public_html/bitrix/urlrewrite.php on line 2
[01-Mar-2024 07:25:19 Europe/Moscow] PHP Warning:  include_once(): Failed opening '/home/h/hualian/xiaojin/public_html/bitrix/modules/main/include/urlrewrite.php' for inclusion (include_path='.:/usr/share/php') in /home/h/hualian/xiaojin/public_html/bitrix/urlrewrite.php on line 2
[01-Mar-2024 07:25:19 Europe/Moscow] PHP Warning:  include_once(/home/h/hualian/xiaojin/public_html/bitrix/modules/main/include/urlrewrite.php): Failed to open stream: No such file or directory in /home/h/hualian/xiaojin/public_html/404.php on line 2
[01-Mar-2024 07:25:19 Europe/Moscow] PHP Warning:  include_once(): Failed opening '/home/h/hualian/xiaojin/public_html/bitrix/modules/main/include/urlrewrite.php' for inclusion (include_path='.:/usr/share/php') in /home/h/hualian/xiaojin/public_html/404.php on line 2
[01-Mar-2024 07:25:19 Europe/Moscow] PHP Fatal error:  Uncaught Error: Class "CHTTP" not found in /home/h/hualian/xiaojin/public_html/404.php:4
Stack trace:
#0 /home/h/hualian/xiaojin/public_html/bitrix/urlrewrite.php(4): include_once()
#1 {main}
  thrown in /home/h/hualian/xiaojin/public_html/404.php on line 4
[01-Mar-2024 07:25:21 Europe/Moscow] PHP Warning:  require_once(/home/h/hualian/xiaojin/public_html/bitrix/modules/main/include/prolog.php): Failed to open stream: No such file or directory in /home/h/hualian/xiaojin/public_html/bitrix/header.php on line 1
[01-Mar-2024 07:25:21 Europe/Moscow] PHP Fatal error:  Uncaught Error: Failed opening required '/home/h/hualian/xiaojin/public_html/bitrix/modules/main/include/prolog.php' (include_path='.:/usr/share/php') in /home/h/hualian/xiaojin/public_html/bitrix/header.php:1
Stack trace:
#0 /home/h/hualian/xiaojin/public_html/index.php(2): require()
#1 {main}
  thrown in /home/h/hualian/xiaojin/public_html/bitrix/header.php on line 1
[01-Mar-2024 07:27:04 Europe/Moscow] PHP Warning:  include_once(/home/h/hualian/xiaojin/public_html/bitrix/modules/main/include/urlrewrite.php): Failed to open stream: No such file or directory in /home/h/hualian/xiaojin/public_html/bitrix/urlrewrite.php on line 2
[01-Mar-2024 07:27:04 Europe/Moscow] PHP Warning:  include_once(): Failed opening '/home/h/hualian/xiaojin/public_html/bitrix/modules/main/include/urlrewrite.php' for inclusion (include_path='.:/usr/share/php') in /home/h/hualian/xiaojin/public_html/bitrix/urlrewrite.php on line 2
[01-Mar-2024 07:27:04 Europe/Moscow] PHP Warning:  include_once(/home/h/hualian/xiaojin/public_html/bitrix/modules/main/include/urlrewrite.php): Failed to open stream: No such file or directory in /home/h/hualian/xiaojin/public_html/404.php on line 2
[01-Mar-2024 07:27:04 Europe/Moscow] PHP Warning:  include_once(): Failed opening '/home/h/hualian/xiaojin/public_html/bitrix/modules/main/include/urlrewrite.php' for inclusion (include_path='.:/usr/share/php') in /home/h/hualian/xiaojin/public_html/404.php on line 2
[01-Mar-2024 07:27:04 Europe/Moscow] PHP Fatal error:  Uncaught Error: Class "CHTTP" not found in /home/h/hualian/xiaojin/public_html/404.php:4
Stack trace:
#0 /home/h/hualian/xiaojin/public_html/bitrix/urlrewrite.php(4): include_once()
#1 {main}
  thrown in /home/h/hualian/xiaojin/public_html/404.php on line 4
[01-Mar-2024 07:27:23 Europe/Moscow] PHP Warning:  require_once(/home/h/hualian/xiaojin/public_html/bitrix/modules/main/include/prolog.php): Failed to open stream: No such file or directory in /home/h/hualian/xiaojin/public_html/bitrix/header.php on line 1
[01-Mar-2024 07:27:23 Europe/Moscow] PHP Fatal error:  Uncaught Error: Failed opening required '/home/h/hualian/xiaojin/public_html/bitrix/modules/main/include/prolog.php' (include_path='.:/usr/share/php') in /home/h/hualian/xiaojin/public_html/bitrix/header.php:1
Stack trace:
#0 /home/h/hualian/xiaojin/public_html/index.php(2): require()
#1 {main}
  thrown in /home/h/hualian/xiaojin/public_html/bitrix/header.php on line 1
[01-Mar-2024 07:28:04 Europe/Moscow] PHP Warning:  include_once(/home/h/hualian/xiaojin/public_html/bitrix/modules/main/include/urlrewrite.php): Failed to open stream: No such file or directory in /home/h/hualian/xiaojin/public_html/bitrix/urlrewrite.php on line 2
[01-Mar-2024 07:28:04 Europe/Moscow] PHP Warning:  include_once(): Failed opening '/home/h/hualian/xiaojin/public_html/bitrix/modules/main/include/urlrewrite.php' for inclusion (include_path='.:/usr/share/php') in /home/h/hualian/xiaojin/public_html/bitrix/urlrewrite.php on line 2
[01-Mar-2024 07:28:04 Europe/Moscow] PHP Warning:  include_once(/home/h/hualian/xiaojin/public_html/bitrix/modules/main/include/urlrewrite.php): Failed to open stream: No such file or directory in /home/h/hualian/xiaojin/public_html/404.php on line 2
[01-Mar-2024 07:28:04 Europe/Moscow] PHP Warning:  include_once(): Failed opening '/home/h/hualian/xiaojin/public_html/bitrix/modules/main/include/urlrewrite.php' for inclusion (include_path='.:/usr/share/php') in /home/h/hualian/xiaojin/public_html/404.php on line 2
[01-Mar-2024 07:28:04 Europe/Moscow] PHP Fatal error:  Uncaught Error: Class "CHTTP" not found in /home/h/hualian/xiaojin/public_html/404.php:4
Stack trace:
#0 /home/h/hualian/xiaojin/public_html/bitrix/urlrewrite.php(4): include_once()
#1 {main}
  thrown in /home/h/hualian/xiaojin/public_html/404.php on line 4
[01-Mar-2024 07:29:04 Europe/Moscow] PHP Warning:  include_once(/home/h/hualian/xiaojin/public_html/bitrix/modules/main/include/urlrewrite.php): Failed to open stream: No such file or directory in /home/h/hualian/xiaojin/public_html/bitrix/urlrewrite.php on line 2
[01-Mar-2024 07:29:04 Europe/Moscow] PHP Warning:  include_once(): Failed opening '/home/h/hualian/xiaojin/public_html/bitrix/modules/main/include/urlrewrite.php' for inclusion (include_path='.:/usr/share/php') in /home/h/hualian/xiaojin/public_html/bitrix/urlrewrite.php on line 2
[01-Mar-2024 07:29:04 Europe/Moscow] PHP Warning:  include_once(/home/h/hualian/xiaojin/public_html/bitrix/modules/main/include/urlrewrite.php): Failed to open stream: No such file or directory in /home/h/hualian/xiaojin/public_html/404.php on line 2
[01-Mar-2024 07:29:04 Europe/Moscow] PHP Warning:  include_once(): Failed opening '/home/h/hualian/xiaojin/public_html/bitrix/modules/main/include/urlrewrite.php' for inclusion (include_path='.:/usr/share/php') in /home/h/hualian/xiaojin/public_html/404.php on line 2
[01-Mar-2024 07:29:04 Europe/Moscow] PHP Fatal error:  Uncaught Error: Class "CHTTP" not found in /home/h/hualian/xiaojin/public_html/404.php:4
Stack trace:
#0 /home/h/hualian/xiaojin/public_html/bitrix/urlrewrite.php(4): include_once()
#1 {main}
  thrown in /home/h/hualian/xiaojin/public_html/404.php on line 4
[01-Mar-2024 07:29:22 Europe/Moscow] PHP Warning:  require_once(/home/h/hualian/xiaojin/public_html/bitrix/modules/main/include/prolog.php): Failed to open stream: No such file or directory in /home/h/hualian/xiaojin/public_html/bitrix/header.php on line 1
[01-Mar-2024 07:29:22 Europe/Moscow] PHP Fatal error:  Uncaught Error: Failed opening required '/home/h/hualian/xiaojin/public_html/bitrix/modules/main/include/prolog.php' (include_path='.:/usr/share/php') in /home/h/hualian/xiaojin/public_html/bitrix/header.php:1
Stack trace:
#0 /home/h/hualian/xiaojin/public_html/index.php(2): require()
#1 {main}
  thrown in /home/h/hualian/xiaojin/public_html/bitrix/header.php on line 1
[01-Mar-2024 07:30:04 Europe/Moscow] PHP Warning:  include_once(/home/h/hualian/xiaojin/public_html/bitrix/modules/main/include/urlrewrite.php): Failed to open stream: No such file or directory in /home/h/hualian/xiaojin/public_html/bitrix/urlrewrite.php on line 2
[01-Mar-2024 07:30:04 Europe/Moscow] PHP Warning:  include_once(): Failed opening '/home/h/hualian/xiaojin/public_html/bitrix/modules/main/include/urlrewrite.php' for inclusion (include_path='.:/usr/share/php') in /home/h/hualian/xiaojin/public_html/bitrix/urlrewrite.php on line 2
[01-Mar-2024 07:30:04 Europe/Moscow] PHP Warning:  include_once(/home/h/hualian/xiaojin/public_html/bitrix/modules/main/include/urlrewrite.php): Failed to open stream: No such file or directory in /home/h/hualian/xiaojin/public_html/404.php on line 2
[01-Mar-2024 07:30:04 Europe/Moscow] PHP Warning:  include_once(): Failed opening '/home/h/hualian/xiaojin/public_html/bitrix/modules/main/include/urlrewrite.php' for inclusion (include_path='.:/usr/share/php') in /home/h/hualian/xiaojin/public_html/404.php on line 2
[01-Mar-2024 07:30:04 Europe/Moscow] PHP Fatal error:  Uncaught Error: Class "CHTTP" not found in /home/h/hualian/xiaojin/public_html/404.php:4
Stack trace:
#0 /home/h/hualian/xiaojin/public_html/bitrix/urlrewrite.php(4): include_once()
#1 {main}
  thrown in /home/h/hualian/xiaojin/public_html/404.php on line 4
[01-Mar-2024 07:31:04 Europe/Moscow] PHP Warning:  include_once(/home/h/hualian/xiaojin/public_html/bitrix/modules/main/include/urlrewrite.php): Failed to open stream: No such file or directory in /home/h/hualian/xiaojin/public_html/bitrix/urlrewrite.php on line 2
[01-Mar-2024 07:31:04 Europe/Moscow] PHP Warning:  include_once(): Failed opening '/home/h/hualian/xiaojin/public_html/bitrix/modules/main/include/urlrewrite.php' for inclusion (include_path='.:/usr/share/php') in /home/h/hualian/xiaojin/public_html/bitrix/urlrewrite.php on line 2
[01-Mar-2024 07:31:04 Europe/Moscow] PHP Warning:  include_once(/home/h/hualian/xiaojin/public_html/bitrix/modules/main/include/urlrewrite.php): Failed to open stream: No such file or directory in /home/h/hualian/xiaojin/public_html/404.php on line 2
[01-Mar-2024 07:31:04 Europe/Moscow] PHP Warning:  include_once(): Failed opening '/home/h/hualian/xiaojin/public_html/bitrix/modules/main/include/urlrewrite.php' for inclusion (include_path='.:/usr/share/php') in /home/h/hualian/xiaojin/public_html/404.php on line 2
[01-Mar-2024 07:31:04 Europe/Moscow] PHP Fatal error:  Uncaught Error: Class "CHTTP" not found in /home/h/hualian/xiaojin/public_html/404.php:4
Stack trace:
#0 /home/h/hualian/xiaojin/public_html/bitrix/urlrewrite.php(4): include_once()
#1 {main}
  thrown in /home/h/hualian/xiaojin/public_html/404.php on line 4
[01-Mar-2024 07:32:04 Europe/Moscow] PHP Warning:  include_once(/home/h/hualian/xiaojin/public_html/bitrix/modules/main/include/urlrewrite.php): Failed to open stream: No such file or directory in /home/h/hualian/xiaojin/public_html/bitrix/urlrewrite.php on line 2
[01-Mar-2024 07:32:04 Europe/Moscow] PHP Warning:  include_once(): Failed opening '/home/h/hualian/xiaojin/public_html/bitrix/modules/main/include/urlrewrite.php' for inclusion (include_path='.:/usr/share/php') in /home/h/hualian/xiaojin/public_html/bitrix/urlrewrite.php on line 2
[01-Mar-2024 07:32:04 Europe/Moscow] PHP Warning:  include_once(/home/h/hualian/xiaojin/public_html/bitrix/modules/main/include/urlrewrite.php): Failed to open stream: No such file or directory in /home/h/hualian/xiaojin/public_html/404.php on line 2
[01-Mar-2024 07:32:04 Europe/Moscow] PHP Warning:  include_once(): Failed opening '/home/h/hualian/xiaojin/public_html/bitrix/modules/main/include/urlrewrite.php' for inclusion (include_path='.:/usr/share/php') in /home/h/hualian/xiaojin/public_html/404.php on line 2
[01-Mar-2024 07:32:04 Europe/Moscow] PHP Fatal error:  Uncaught Error: Class "CHTTP" not found in /home/h/hualian/xiaojin/public_html/404.php:4
Stack trace:
#0 /home/h/hualian/xiaojin/public_html/bitrix/urlrewrite.php(4): include_once()
#1 {main}
  thrown in /home/h/hualian/xiaojin/public_html/404.php on line 4
[01-Mar-2024 07:33:04 Europe/Moscow] PHP Warning:  include_once(/home/h/hualian/xiaojin/public_html/bitrix/modules/main/include/urlrewrite.php): Failed to open stream: No such file or directory in /home/h/hualian/xiaojin/public_html/bitrix/urlrewrite.php on line 2
[01-Mar-2024 07:33:04 Europe/Moscow] PHP Warning:  include_once(): Failed opening '/home/h/hualian/xiaojin/public_html/bitrix/modules/main/include/urlrewrite.php' for inclusion (include_path='.:/usr/share/php') in /home/h/hualian/xiaojin/public_html/bitrix/urlrewrite.php on line 2
[01-Mar-2024 07:33:04 Europe/Moscow] PHP Warning:  include_once(/home/h/hualian/xiaojin/public_html/bitrix/modules/main/include/urlrewrite.php): Failed to open stream: No such file or directory in /home/h/hualian/xiaojin/public_html/404.php on line 2
[01-Mar-2024 07:33:04 Europe/Moscow] PHP Warning:  include_once(): Failed opening '/home/h/hualian/xiaojin/public_html/bitrix/modules/main/include/urlrewrite.php' for inclusion (include_path='.:/usr/share/php') in /home/h/hualian/xiaojin/public_html/404.php on line 2
[01-Mar-2024 07:33:04 Europe/Moscow] PHP Fatal error:  Uncaught Error: Class "CHTTP" not found in /home/h/hualian/xiaojin/public_html/404.php:4
Stack trace:
#0 /home/h/hualian/xiaojin/public_html/bitrix/urlrewrite.php(4): include_once()
#1 {main}
  thrown in /home/h/hualian/xiaojin/public_html/404.php on line 4
[01-Mar-2024 07:34:04 Europe/Moscow] PHP Warning:  include_once(/home/h/hualian/xiaojin/public_html/bitrix/modules/main/include/urlrewrite.php): Failed to open stream: No such file or directory in /home/h/hualian/xiaojin/public_html/bitrix/urlrewrite.php on line 2
[01-Mar-2024 07:34:04 Europe/Moscow] PHP Warning:  include_once(): Failed opening '/home/h/hualian/xiaojin/public_html/bitrix/modules/main/include/urlrewrite.php' for inclusion (include_path='.:/usr/share/php') in /home/h/hualian/xiaojin/public_html/bitrix/urlrewrite.php on line 2
[01-Mar-2024 07:34:04 Europe/Moscow] PHP Warning:  include_once(/home/h/hualian/xiaojin/public_html/bitrix/modules/main/include/urlrewrite.php): Failed to open stream: No such file or directory in /home/h/hualian/xiaojin/public_html/404.php on line 2
[01-Mar-2024 07:34:04 Europe/Moscow] PHP Warning:  include_once(): Failed opening '/home/h/hualian/xiaojin/public_html/bitrix/modules/main/include/urlrewrite.php' for inclusion (include_path='.:/usr/share/php') in /home/h/hualian/xiaojin/public_html/404.php on line 2
[01-Mar-2024 07:34:04 Europe/Moscow] PHP Fatal error:  Uncaught Error: Class "CHTTP" not found in /home/h/hualian/xiaojin/public_html/404.php:4
Stack trace:
#0 /home/h/hualian/xiaojin/public_html/bitrix/urlrewrite.php(4): include_once()
#1 {main}
  thrown in /home/h/hualian/xiaojin/public_html/404.php on line 4
[01-Mar-2024 07:35:04 Europe/Moscow] PHP Warning:  include_once(/home/h/hualian/xiaojin/public_html/bitrix/modules/main/include/urlrewrite.php): Failed to open stream: No such file or directory in /home/h/hualian/xiaojin/public_html/bitrix/urlrewrite.php on line 2
[01-Mar-2024 07:35:04 Europe/Moscow] PHP Warning:  include_once(): Failed opening '/home/h/hualian/xiaojin/public_html/bitrix/modules/main/include/urlrewrite.php' for inclusion (include_path='.:/usr/share/php') in /home/h/hualian/xiaojin/public_html/bitrix/urlrewrite.php on line 2
[01-Mar-2024 07:35:04 Europe/Moscow] PHP Warning:  include_once(/home/h/hualian/xiaojin/public_html/bitrix/modules/main/include/urlrewrite.php): Failed to open stream: No such file or directory in /home/h/hualian/xiaojin/public_html/404.php on line 2
[01-Mar-2024 07:35:04 Europe/Moscow] PHP Warning:  include_once(): Failed opening '/home/h/hualian/xiaojin/public_html/bitrix/modules/main/include/urlrewrite.php' for inclusion (include_path='.:/usr/share/php') in /home/h/hualian/xiaojin/public_html/404.php on line 2
[01-Mar-2024 07:35:04 Europe/Moscow] PHP Fatal error:  Uncaught Error: Class "CHTTP" not found in /home/h/hualian/xiaojin/public_html/404.php:4
Stack trace:
#0 /home/h/hualian/xiaojin/public_html/bitrix/urlrewrite.php(4): include_once()
#1 {main}
  thrown in /home/h/hualian/xiaojin/public_html/404.php on line 4
[01-Mar-2024 07:36:04 Europe/Moscow] PHP Warning:  include_once(/home/h/hualian/xiaojin/public_html/bitrix/modules/main/include/urlrewrite.php): Failed to open stream: No such file or directory in /home/h/hualian/xiaojin/public_html/bitrix/urlrewrite.php on line 2
[01-Mar-2024 07:36:04 Europe/Moscow] PHP Warning:  include_once(): Failed opening '/home/h/hualian/xiaojin/public_html/bitrix/modules/main/include/urlrewrite.php' for inclusion (include_path='.:/usr/share/php') in /home/h/hualian/xiaojin/public_html/bitrix/urlrewrite.php on line 2
[01-Mar-2024 07:36:04 Europe/Moscow] PHP Warning:  include_once(/home/h/hualian/xiaojin/public_html/bitrix/modules/main/include/urlrewrite.php): Failed to open stream: No such file or directory in /home/h/hualian/xiaojin/public_html/404.php on line 2
[01-Mar-2024 07:36:04 Europe/Moscow] PHP Warning:  include_once(): Failed opening '/home/h/hualian/xiaojin/public_html/bitrix/modules/main/include/urlrewrite.php' for inclusion (include_path='.:/usr/share/php') in /home/h/hualian/xiaojin/public_html/404.php on line 2
[01-Mar-2024 07:36:04 Europe/Moscow] PHP Fatal error:  Uncaught Error: Class "CHTTP" not found in /home/h/hualian/xiaojin/public_html/404.php:4
Stack trace:
#0 /home/h/hualian/xiaojin/public_html/bitrix/urlrewrite.php(4): include_once()
#1 {main}
  thrown in /home/h/hualian/xiaojin/public_html/404.php on line 4
[01-Mar-2024 07:37:04 Europe/Moscow] PHP Warning:  include_once(/home/h/hualian/xiaojin/public_html/bitrix/modules/main/include/urlrewrite.php): Failed to open stream: No such file or directory in /home/h/hualian/xiaojin/public_html/bitrix/urlrewrite.php on line 2
[01-Mar-2024 07:37:04 Europe/Moscow] PHP Warning:  include_once(): Failed opening '/home/h/hualian/xiaojin/public_html/bitrix/modules/main/include/urlrewrite.php' for inclusion (include_path='.:/usr/share/php') in /home/h/hualian/xiaojin/public_html/bitrix/urlrewrite.php on line 2
[01-Mar-2024 07:37:04 Europe/Moscow] PHP Warning:  include_once(/home/h/hualian/xiaojin/public_html/bitrix/modules/main/include/urlrewrite.php): Failed to open stream: No such file or directory in /home/h/hualian/xiaojin/public_html/404.php on line 2
[01-Mar-2024 07:37:04 Europe/Moscow] PHP Warning:  include_once(): Failed opening '/home/h/hualian/xiaojin/public_html/bitrix/modules/main/include/urlrewrite.php' for inclusion (include_path='.:/usr/share/php') in /home/h/hualian/xiaojin/public_html/404.php on line 2
[01-Mar-2024 07:37:04 Europe/Moscow] PHP Fatal error:  Uncaught Error: Class "CHTTP" not found in /home/h/hualian/xiaojin/public_html/404.php:4
Stack trace:
#0 /home/h/hualian/xiaojin/public_html/bitrix/urlrewrite.php(4): include_once()
#1 {main}
  thrown in /home/h/hualian/xiaojin/public_html/404.php on line 4
[01-Mar-2024 07:38:04 Europe/Moscow] PHP Warning:  include_once(/home/h/hualian/xiaojin/public_html/bitrix/modules/main/include/urlrewrite.php): Failed to open stream: No such file or directory in /home/h/hualian/xiaojin/public_html/bitrix/urlrewrite.php on line 2
[01-Mar-2024 07:38:04 Europe/Moscow] PHP Warning:  include_once(): Failed opening '/home/h/hualian/xiaojin/public_html/bitrix/modules/main/include/urlrewrite.php' for inclusion (include_path='.:/usr/share/php') in /home/h/hualian/xiaojin/public_html/bitrix/urlrewrite.php on line 2
[01-Mar-2024 07:38:04 Europe/Moscow] PHP Warning:  include_once(/home/h/hualian/xiaojin/public_html/bitrix/modules/main/include/urlrewrite.php): Failed to open stream: No such file or directory in /home/h/hualian/xiaojin/public_html/404.php on line 2
[01-Mar-2024 07:38:04 Europe/Moscow] PHP Warning:  include_once(): Failed opening '/home/h/hualian/xiaojin/public_html/bitrix/modules/main/include/urlrewrite.php' for inclusion (include_path='.:/usr/share/php') in /home/h/hualian/xiaojin/public_html/404.php on line 2
[01-Mar-2024 07:38:04 Europe/Moscow] PHP Fatal error:  Uncaught Error: Class "CHTTP" not found in /home/h/hualian/xiaojin/public_html/404.php:4
Stack trace:
#0 /home/h/hualian/xiaojin/public_html/bitrix/urlrewrite.php(4): include_once()
#1 {main}
  thrown in /home/h/hualian/xiaojin/public_html/404.php on line 4
[01-Mar-2024 07:39:04 Europe/Moscow] PHP Warning:  include_once(/home/h/hualian/xiaojin/public_html/bitrix/modules/main/include/urlrewrite.php): Failed to open stream: No such file or directory in /home/h/hualian/xiaojin/public_html/bitrix/urlrewrite.php on line 2
[01-Mar-2024 07:39:04 Europe/Moscow] PHP Warning:  include_once(): Failed opening '/home/h/hualian/xiaojin/public_html/bitrix/modules/main/include/urlrewrite.php' for inclusion (include_path='.:/usr/share/php') in /home/h/hualian/xiaojin/public_html/bitrix/urlrewrite.php on line 2
[01-Mar-2024 07:39:04 Europe/Moscow] PHP Warning:  include_once(/home/h/hualian/xiaojin/public_html/bitrix/modules/main/include/urlrewrite.php): Failed to open stream: No such file or directory in /home/h/hualian/xiaojin/public_html/404.php on line 2
[01-Mar-2024 07:39:04 Europe/Moscow] PHP Warning:  include_once(): Failed opening '/home/h/hualian/xiaojin/public_html/bitrix/modules/main/include/urlrewrite.php' for inclusion (include_path='.:/usr/share/php') in /home/h/hualian/xiaojin/public_html/404.php on line 2
[01-Mar-2024 07:39:04 Europe/Moscow] PHP Fatal error:  Uncaught Error: Class "CHTTP" not found in /home/h/hualian/xiaojin/public_html/404.php:4
Stack trace:
#0 /home/h/hualian/xiaojin/public_html/bitrix/urlrewrite.php(4): include_once()
#1 {main}
  thrown in /home/h/hualian/xiaojin/public_html/404.php on line 4
[01-Mar-2024 07:40:04 Europe/Moscow] PHP Warning:  include_once(/home/h/hualian/xiaojin/public_html/bitrix/modules/main/include/urlrewrite.php): Failed to open stream: No such file or directory in /home/h/hualian/xiaojin/public_html/bitrix/urlrewrite.php on line 2
[01-Mar-2024 07:40:04 Europe/Moscow] PHP Warning:  include_once(): Failed opening '/home/h/hualian/xiaojin/public_html/bitrix/modules/main/include/urlrewrite.php' for inclusion (include_path='.:/usr/share/php') in /home/h/hualian/xiaojin/public_html/bitrix/urlrewrite.php on line 2
[01-Mar-2024 07:40:04 Europe/Moscow] PHP Warning:  include_once(/home/h/hualian/xiaojin/public_html/bitrix/modules/main/include/urlrewrite.php): Failed to open stream: No such file or directory in /home/h/hualian/xiaojin/public_html/404.php on line 2
[01-Mar-2024 07:40:04 Europe/Moscow] PHP Warning:  include_once(): Failed opening '/home/h/hualian/xiaojin/public_html/bitrix/modules/main/include/urlrewrite.php' for inclusion (include_path='.:/usr/share/php') in /home/h/hualian/xiaojin/public_html/404.php on line 2
[01-Mar-2024 07:40:04 Europe/Moscow] PHP Fatal error:  Uncaught Error: Class "CHTTP" not found in /home/h/hualian/xiaojin/public_html/404.php:4
Stack trace:
#0 /home/h/hualian/xiaojin/public_html/bitrix/urlrewrite.php(4): include_once()
#1 {main}
  thrown in /home/h/hualian/xiaojin/public_html/404.php on line 4
[01-Mar-2024 07:41:05 Europe/Moscow] PHP Warning:  include_once(/home/h/hualian/xiaojin/public_html/bitrix/modules/main/include/urlrewrite.php): Failed to open stream: No such file or directory in /home/h/hualian/xiaojin/public_html/bitrix/urlrewrite.php on line 2
[01-Mar-2024 07:41:05 Europe/Moscow] PHP Warning:  include_once(): Failed opening '/home/h/hualian/xiaojin/public_html/bitrix/modules/main/include/urlrewrite.php' for inclusion (include_path='.:/usr/share/php') in /home/h/hualian/xiaojin/public_html/bitrix/urlrewrite.php on line 2
[01-Mar-2024 07:41:05 Europe/Moscow] PHP Warning:  include_once(/home/h/hualian/xiaojin/public_html/bitrix/modules/main/include/urlrewrite.php): Failed to open stream: No such file or directory in /home/h/hualian/xiaojin/public_html/404.php on line 2
[01-Mar-2024 07:41:05 Europe/Moscow] PHP Warning:  include_once(): Failed opening '/home/h/hualian/xiaojin/public_html/bitrix/modules/main/include/urlrewrite.php' for inclusion (include_path='.:/usr/share/php') in /home/h/hualian/xiaojin/public_html/404.php on line 2
[01-Mar-2024 07:41:05 Europe/Moscow] PHP Fatal error:  Uncaught Error: Class "CHTTP" not found in /home/h/hualian/xiaojin/public_html/404.php:4
Stack trace:
#0 /home/h/hualian/xiaojin/public_html/bitrix/urlrewrite.php(4): include_once()
#1 {main}
  thrown in /home/h/hualian/xiaojin/public_html/404.php on line 4
[01-Mar-2024 07:42:35 Europe/Moscow] PHP Warning:  include_once(/home/h/hualian/xiaojin/public_html/bitrix/modules/main/include/urlrewrite.php): Failed to open stream: No such file or directory in /home/h/hualian/xiaojin/public_html/bitrix/urlrewrite.php on line 2
[01-Mar-2024 07:42:35 Europe/Moscow] PHP Warning:  include_once(): Failed opening '/home/h/hualian/xiaojin/public_html/bitrix/modules/main/include/urlrewrite.php' for inclusion (include_path='.:/usr/share/php') in /home/h/hualian/xiaojin/public_html/bitrix/urlrewrite.php on line 2
[01-Mar-2024 07:42:35 Europe/Moscow] PHP Warning:  include_once(/home/h/hualian/xiaojin/public_html/bitrix/modules/main/include/urlrewrite.php): Failed to open stream: No such file or directory in /home/h/hualian/xiaojin/public_html/404.php on line 2
[01-Mar-2024 07:42:35 Europe/Moscow] PHP Warning:  include_once(): Failed opening '/home/h/hualian/xiaojin/public_html/bitrix/modules/main/include/urlrewrite.php' for inclusion (include_path='.:/usr/share/php') in /home/h/hualian/xiaojin/public_html/404.php on line 2
[01-Mar-2024 07:42:35 Europe/Moscow] PHP Fatal error:  Uncaught Error: Class "CHTTP" not found in /home/h/hualian/xiaojin/public_html/404.php:4
Stack trace:
#0 /home/h/hualian/xiaojin/public_html/bitrix/urlrewrite.php(4): include_once()
#1 {main}
  thrown in /home/h/hualian/xiaojin/public_html/404.php on line 4
[01-Mar-2024 07:42:59 Europe/Moscow] PHP Warning:  require_once(/home/h/hualian/xiaojin/public_html/bitrix/modules/main/include/prolog.php): Failed to open stream: No such file or directory in /home/h/hualian/xiaojin/public_html/bitrix/header.php on line 1
[01-Mar-2024 07:42:59 Europe/Moscow] PHP Fatal error:  Uncaught Error: Failed opening required '/home/h/hualian/xiaojin/public_html/bitrix/modules/main/include/prolog.php' (include_path='.:/usr/share/php') in /home/h/hualian/xiaojin/public_html/bitrix/header.php:1
Stack trace:
#0 /home/h/hualian/xiaojin/public_html/index.php(2): require()
#1 {main}
  thrown in /home/h/hualian/xiaojin/public_html/bitrix/header.php on line 1
[01-Mar-2024 07:43:02 Europe/Moscow] PHP Warning:  require_once(/home/h/hualian/xiaojin/public_html/bitrix/modules/main/include/prolog.php): Failed to open stream: No such file or directory in /home/h/hualian/xiaojin/public_html/bitrix/header.php on line 1
[01-Mar-2024 07:43:02 Europe/Moscow] PHP Fatal error:  Uncaught Error: Failed opening required '/home/h/hualian/xiaojin/public_html/bitrix/modules/main/include/prolog.php' (include_path='.:/usr/share/php') in /home/h/hualian/xiaojin/public_html/bitrix/header.php:1
Stack trace:
#0 /home/h/hualian/xiaojin/public_html/index.php(2): require()
#1 {main}
  thrown in /home/h/hualian/xiaojin/public_html/bitrix/header.php on line 1
[01-Mar-2024 07:44:35 Europe/Moscow] PHP Warning:  include_once(/home/h/hualian/xiaojin/public_html/bitrix/modules/main/include/urlrewrite.php): Failed to open stream: No such file or directory in /home/h/hualian/xiaojin/public_html/bitrix/urlrewrite.php on line 2
[01-Mar-2024 07:44:35 Europe/Moscow] PHP Warning:  include_once(): Failed opening '/home/h/hualian/xiaojin/public_html/bitrix/modules/main/include/urlrewrite.php' for inclusion (include_path='.:/usr/share/php') in /home/h/hualian/xiaojin/public_html/bitrix/urlrewrite.php on line 2
[01-Mar-2024 07:44:35 Europe/Moscow] PHP Warning:  include_once(/home/h/hualian/xiaojin/public_html/bitrix/modules/main/include/urlrewrite.php): Failed to open stream: No such file or directory in /home/h/hualian/xiaojin/public_html/404.php on line 2
[01-Mar-2024 07:44:35 Europe/Moscow] PHP Warning:  include_once(): Failed opening '/home/h/hualian/xiaojin/public_html/bitrix/modules/main/include/urlrewrite.php' for inclusion (include_path='.:/usr/share/php') in /home/h/hualian/xiaojin/public_html/404.php on line 2
[01-Mar-2024 07:44:35 Europe/Moscow] PHP Fatal error:  Uncaught Error: Class "CHTTP" not found in /home/h/hualian/xiaojin/public_html/404.php:4
Stack trace:
#0 /home/h/hualian/xiaojin/public_html/bitrix/urlrewrite.php(4): include_once()
#1 {main}
  thrown in /home/h/hualian/xiaojin/public_html/404.php on line 4
[01-Mar-2024 07:45:35 Europe/Moscow] PHP Warning:  include_once(/home/h/hualian/xiaojin/public_html/bitrix/modules/main/include/urlrewrite.php): Failed to open stream: No such file or directory in /home/h/hualian/xiaojin/public_html/bitrix/urlrewrite.php on line 2
[01-Mar-2024 07:45:35 Europe/Moscow] PHP Warning:  include_once(): Failed opening '/home/h/hualian/xiaojin/public_html/bitrix/modules/main/include/urlrewrite.php' for inclusion (include_path='.:/usr/share/php') in /home/h/hualian/xiaojin/public_html/bitrix/urlrewrite.php on line 2
[01-Mar-2024 07:45:35 Europe/Moscow] PHP Warning:  include_once(/home/h/hualian/xiaojin/public_html/bitrix/modules/main/include/urlrewrite.php): Failed to open stream: No such file or directory in /home/h/hualian/xiaojin/public_html/404.php on line 2
[01-Mar-2024 07:45:35 Europe/Moscow] PHP Warning:  include_once(): Failed opening '/home/h/hualian/xiaojin/public_html/bitrix/modules/main/include/urlrewrite.php' for inclusion (include_path='.:/usr/share/php') in /home/h/hualian/xiaojin/public_html/404.php on line 2
[01-Mar-2024 07:45:35 Europe/Moscow] PHP Fatal error:  Uncaught Error: Class "CHTTP" not found in /home/h/hualian/xiaojin/public_html/404.php:4
Stack trace:
#0 /home/h/hualian/xiaojin/public_html/bitrix/urlrewrite.php(4): include_once()
#1 {main}
  thrown in /home/h/hualian/xiaojin/public_html/404.php on line 4
[01-Mar-2024 07:46:11 Europe/Moscow] PHP Warning:  include_once(/home/h/hualian/xiaojin/public_html/bitrix/modules/main/include/urlrewrite.php): Failed to open stream: No such file or directory in /home/h/hualian/xiaojin/public_html/bitrix/urlrewrite.php on line 2
[01-Mar-2024 07:46:11 Europe/Moscow] PHP Warning:  include_once(): Failed opening '/home/h/hualian/xiaojin/public_html/bitrix/modules/main/include/urlrewrite.php' for inclusion (include_path='.:/usr/share/php') in /home/h/hualian/xiaojin/public_html/bitrix/urlrewrite.php on line 2
[01-Mar-2024 07:46:11 Europe/Moscow] PHP Warning:  include_once(/home/h/hualian/xiaojin/public_html/bitrix/modules/main/include/urlrewrite.php): Failed to open stream: No such file or directory in /home/h/hualian/xiaojin/public_html/404.php on line 2
[01-Mar-2024 07:46:11 Europe/Moscow] PHP Warning:  include_once(): Failed opening '/home/h/hualian/xiaojin/public_html/bitrix/modules/main/include/urlrewrite.php' for inclusion (include_path='.:/usr/share/php') in /home/h/hualian/xiaojin/public_html/404.php on line 2
[01-Mar-2024 07:46:11 Europe/Moscow] PHP Fatal error:  Uncaught Error: Class "CHTTP" not found in /home/h/hualian/xiaojin/public_html/404.php:4
Stack trace:
#0 /home/h/hualian/xiaojin/public_html/bitrix/urlrewrite.php(4): include_once()
#1 {main}
  thrown in /home/h/hualian/xiaojin/public_html/404.php on line 4
[01-Mar-2024 07:46:35 Europe/Moscow] PHP Warning:  include_once(/home/h/hualian/xiaojin/public_html/bitrix/modules/main/include/urlrewrite.php): Failed to open stream: No such file or directory in /home/h/hualian/xiaojin/public_html/bitrix/urlrewrite.php on line 2
[01-Mar-2024 07:46:35 Europe/Moscow] PHP Warning:  include_once(): Failed opening '/home/h/hualian/xiaojin/public_html/bitrix/modules/main/include/urlrewrite.php' for inclusion (include_path='.:/usr/share/php') in /home/h/hualian/xiaojin/public_html/bitrix/urlrewrite.php on line 2
[01-Mar-2024 07:46:35 Europe/Moscow] PHP Warning:  include_once(/home/h/hualian/xiaojin/public_html/bitrix/modules/main/include/urlrewrite.php): Failed to open stream: No such file or directory in /home/h/hualian/xiaojin/public_html/404.php on line 2
[01-Mar-2024 07:46:35 Europe/Moscow] PHP Warning:  include_once(): Failed opening '/home/h/hualian/xiaojin/public_html/bitrix/modules/main/include/urlrewrite.php' for inclusion (include_path='.:/usr/share/php') in /home/h/hualian/xiaojin/public_html/404.php on line 2
[01-Mar-2024 07:46:35 Europe/Moscow] PHP Fatal error:  Uncaught Error: Class "CHTTP" not found in /home/h/hualian/xiaojin/public_html/404.php:4
Stack trace:
#0 /home/h/hualian/xiaojin/public_html/bitrix/urlrewrite.php(4): include_once()
#1 {main}
  thrown in /home/h/hualian/xiaojin/public_html/404.php on line 4
[01-Mar-2024 07:47:35 Europe/Moscow] PHP Warning:  include_once(/home/h/hualian/xiaojin/public_html/bitrix/modules/main/include/urlrewrite.php): Failed to open stream: No such file or directory in /home/h/hualian/xiaojin/public_html/bitrix/urlrewrite.php on line 2
[01-Mar-2024 07:47:35 Europe/Moscow] PHP Warning:  include_once(): Failed opening '/home/h/hualian/xiaojin/public_html/bitrix/modules/main/include/urlrewrite.php' for inclusion (include_path='.:/usr/share/php') in /home/h/hualian/xiaojin/public_html/bitrix/urlrewrite.php on line 2
[01-Mar-2024 07:47:35 Europe/Moscow] PHP Warning:  include_once(/home/h/hualian/xiaojin/public_html/bitrix/modules/main/include/urlrewrite.php): Failed to open stream: No such file or directory in /home/h/hualian/xiaojin/public_html/404.php on line 2
[01-Mar-2024 07:47:35 Europe/Moscow] PHP Warning:  include_once(): Failed opening '/home/h/hualian/xiaojin/public_html/bitrix/modules/main/include/urlrewrite.php' for inclusion (include_path='.:/usr/share/php') in /home/h/hualian/xiaojin/public_html/404.php on line 2
[01-Mar-2024 07:47:35 Europe/Moscow] PHP Fatal error:  Uncaught Error: Class "CHTTP" not found in /home/h/hualian/xiaojin/public_html/404.php:4
Stack trace:
#0 /home/h/hualian/xiaojin/public_html/bitrix/urlrewrite.php(4): include_once()
#1 {main}
  thrown in /home/h/hualian/xiaojin/public_html/404.php on line 4
[01-Mar-2024 07:48:35 Europe/Moscow] PHP Warning:  include_once(/home/h/hualian/xiaojin/public_html/bitrix/modules/main/include/urlrewrite.php): Failed to open stream: No such file or directory in /home/h/hualian/xiaojin/public_html/bitrix/urlrewrite.php on line 2
[01-Mar-2024 07:48:35 Europe/Moscow] PHP Warning:  include_once(): Failed opening '/home/h/hualian/xiaojin/public_html/bitrix/modules/main/include/urlrewrite.php' for inclusion (include_path='.:/usr/share/php') in /home/h/hualian/xiaojin/public_html/bitrix/urlrewrite.php on line 2
[01-Mar-2024 07:48:35 Europe/Moscow] PHP Warning:  include_once(/home/h/hualian/xiaojin/public_html/bitrix/modules/main/include/urlrewrite.php): Failed to open stream: No such file or directory in /home/h/hualian/xiaojin/public_html/404.php on line 2
[01-Mar-2024 07:48:35 Europe/Moscow] PHP Warning:  include_once(): Failed opening '/home/h/hualian/xiaojin/public_html/bitrix/modules/main/include/urlrewrite.php' for inclusion (include_path='.:/usr/share/php') in /home/h/hualian/xiaojin/public_html/404.php on line 2
[01-Mar-2024 07:48:35 Europe/Moscow] PHP Fatal error:  Uncaught Error: Class "CHTTP" not found in /home/h/hualian/xiaojin/public_html/404.php:4
Stack trace:
#0 /home/h/hualian/xiaojin/public_html/bitrix/urlrewrite.php(4): include_once()
#1 {main}
  thrown in /home/h/hualian/xiaojin/public_html/404.php on line 4
[01-Mar-2024 07:49:35 Europe/Moscow] PHP Warning:  include_once(/home/h/hualian/xiaojin/public_html/bitrix/modules/main/include/urlrewrite.php): Failed to open stream: No such file or directory in /home/h/hualian/xiaojin/public_html/bitrix/urlrewrite.php on line 2
[01-Mar-2024 07:49:35 Europe/Moscow] PHP Warning:  include_once(): Failed opening '/home/h/hualian/xiaojin/public_html/bitrix/modules/main/include/urlrewrite.php' for inclusion (include_path='.:/usr/share/php') in /home/h/hualian/xiaojin/public_html/bitrix/urlrewrite.php on line 2
[01-Mar-2024 07:49:35 Europe/Moscow] PHP Warning:  include_once(/home/h/hualian/xiaojin/public_html/bitrix/modules/main/include/urlrewrite.php): Failed to open stream: No such file or directory in /home/h/hualian/xiaojin/public_html/404.php on line 2
[01-Mar-2024 07:49:35 Europe/Moscow] PHP Warning:  include_once(): Failed opening '/home/h/hualian/xiaojin/public_html/bitrix/modules/main/include/urlrewrite.php' for inclusion (include_path='.:/usr/share/php') in /home/h/hualian/xiaojin/public_html/404.php on line 2
[01-Mar-2024 07:49:35 Europe/Moscow] PHP Fatal error:  Uncaught Error: Class "CHTTP" not found in /home/h/hualian/xiaojin/public_html/404.php:4
Stack trace:
#0 /home/h/hualian/xiaojin/public_html/bitrix/urlrewrite.php(4): include_once()
#1 {main}
  thrown in /home/h/hualian/xiaojin/public_html/404.php on line 4
[01-Mar-2024 07:50:35 Europe/Moscow] PHP Warning:  include_once(/home/h/hualian/xiaojin/public_html/bitrix/modules/main/include/urlrewrite.php): Failed to open stream: No such file or directory in /home/h/hualian/xiaojin/public_html/bitrix/urlrewrite.php on line 2
[01-Mar-2024 07:50:35 Europe/Moscow] PHP Warning:  include_once(): Failed opening '/home/h/hualian/xiaojin/public_html/bitrix/modules/main/include/urlrewrite.php' for inclusion (include_path='.:/usr/share/php') in /home/h/hualian/xiaojin/public_html/bitrix/urlrewrite.php on line 2
[01-Mar-2024 07:50:35 Europe/Moscow] PHP Warning:  include_once(/home/h/hualian/xiaojin/public_html/bitrix/modules/main/include/urlrewrite.php): Failed to open stream: No such file or directory in /home/h/hualian/xiaojin/public_html/404.php on line 2
[01-Mar-2024 07:50:35 Europe/Moscow] PHP Warning:  include_once(): Failed opening '/home/h/hualian/xiaojin/public_html/bitrix/modules/main/include/urlrewrite.php' for inclusion (include_path='.:/usr/share/php') in /home/h/hualian/xiaojin/public_html/404.php on line 2
[01-Mar-2024 07:50:35 Europe/Moscow] PHP Fatal error:  Uncaught Error: Class "CHTTP" not found in /home/h/hualian/xiaojin/public_html/404.php:4
Stack trace:
#0 /home/h/hualian/xiaojin/public_html/bitrix/urlrewrite.php(4): include_once()
#1 {main}
  thrown in /home/h/hualian/xiaojin/public_html/404.php on line 4
[01-Mar-2024 07:51:35 Europe/Moscow] PHP Warning:  include_once(/home/h/hualian/xiaojin/public_html/bitrix/modules/main/include/urlrewrite.php): Failed to open stream: No such file or directory in /home/h/hualian/xiaojin/public_html/bitrix/urlrewrite.php on line 2
[01-Mar-2024 07:51:35 Europe/Moscow] PHP Warning:  include_once(): Failed opening '/home/h/hualian/xiaojin/public_html/bitrix/modules/main/include/urlrewrite.php' for inclusion (include_path='.:/usr/share/php') in /home/h/hualian/xiaojin/public_html/bitrix/urlrewrite.php on line 2
[01-Mar-2024 07:51:35 Europe/Moscow] PHP Warning:  include_once(/home/h/hualian/xiaojin/public_html/bitrix/modules/main/include/urlrewrite.php): Failed to open stream: No such file or directory in /home/h/hualian/xiaojin/public_html/404.php on line 2
[01-Mar-2024 07:51:35 Europe/Moscow] PHP Warning:  include_once(): Failed opening '/home/h/hualian/xiaojin/public_html/bitrix/modules/main/include/urlrewrite.php' for inclusion (include_path='.:/usr/share/php') in /home/h/hualian/xiaojin/public_html/404.php on line 2
[01-Mar-2024 07:51:35 Europe/Moscow] PHP Fatal error:  Uncaught Error: Class "CHTTP" not found in /home/h/hualian/xiaojin/public_html/404.php:4
Stack trace:
#0 /home/h/hualian/xiaojin/public_html/bitrix/urlrewrite.php(4): include_once()
#1 {main}
  thrown in /home/h/hualian/xiaojin/public_html/404.php on line 4
[01-Mar-2024 07:52:03 Europe/Moscow] PHP Warning:  require_once(/home/h/hualian/xiaojin/public_html/bitrix/modules/main/include/prolog.php): Failed to open stream: No such file or directory in /home/h/hualian/xiaojin/public_html/bitrix/header.php on line 1
[01-Mar-2024 07:52:03 Europe/Moscow] PHP Fatal error:  Uncaught Error: Failed opening required '/home/h/hualian/xiaojin/public_html/bitrix/modules/main/include/prolog.php' (include_path='.:/usr/share/php') in /home/h/hualian/xiaojin/public_html/bitrix/header.php:1
Stack trace:
#0 /home/h/hualian/xiaojin/public_html/index.php(2): require()
#1 {main}
  thrown in /home/h/hualian/xiaojin/public_html/bitrix/header.php on line 1
[01-Mar-2024 07:52:35 Europe/Moscow] PHP Warning:  include_once(/home/h/hualian/xiaojin/public_html/bitrix/modules/main/include/urlrewrite.php): Failed to open stream: No such file or directory in /home/h/hualian/xiaojin/public_html/bitrix/urlrewrite.php on line 2
[01-Mar-2024 07:52:35 Europe/Moscow] PHP Warning:  include_once(): Failed opening '/home/h/hualian/xiaojin/public_html/bitrix/modules/main/include/urlrewrite.php' for inclusion (include_path='.:/usr/share/php') in /home/h/hualian/xiaojin/public_html/bitrix/urlrewrite.php on line 2
[01-Mar-2024 07:52:35 Europe/Moscow] PHP Warning:  include_once(/home/h/hualian/xiaojin/public_html/bitrix/modules/main/include/urlrewrite.php): Failed to open stream: No such file or directory in /home/h/hualian/xiaojin/public_html/404.php on line 2
[01-Mar-2024 07:52:35 Europe/Moscow] PHP Warning:  include_once(): Failed opening '/home/h/hualian/xiaojin/public_html/bitrix/modules/main/include/urlrewrite.php' for inclusion (include_path='.:/usr/share/php') in /home/h/hualian/xiaojin/public_html/404.php on line 2
[01-Mar-2024 07:52:35 Europe/Moscow] PHP Fatal error:  Uncaught Error: Class "CHTTP" not found in /home/h/hualian/xiaojin/public_html/404.php:4
Stack trace:
#0 /home/h/hualian/xiaojin/public_html/bitrix/urlrewrite.php(4): include_once()
#1 {main}
  thrown in /home/h/hualian/xiaojin/public_html/404.php on line 4
[01-Mar-2024 07:53:35 Europe/Moscow] PHP Warning:  include_once(/home/h/hualian/xiaojin/public_html/bitrix/modules/main/include/urlrewrite.php): Failed to open stream: No such file or directory in /home/h/hualian/xiaojin/public_html/bitrix/urlrewrite.php on line 2
[01-Mar-2024 07:53:35 Europe/Moscow] PHP Warning:  include_once(): Failed opening '/home/h/hualian/xiaojin/public_html/bitrix/modules/main/include/urlrewrite.php' for inclusion (include_path='.:/usr/share/php') in /home/h/hualian/xiaojin/public_html/bitrix/urlrewrite.php on line 2
[01-Mar-2024 07:53:35 Europe/Moscow] PHP Warning:  include_once(/home/h/hualian/xiaojin/public_html/bitrix/modules/main/include/urlrewrite.php): Failed to open stream: No such file or directory in /home/h/hualian/xiaojin/public_html/404.php on line 2
[01-Mar-2024 07:53:35 Europe/Moscow] PHP Warning:  include_once(): Failed opening '/home/h/hualian/xiaojin/public_html/bitrix/modules/main/include/urlrewrite.php' for inclusion (include_path='.:/usr/share/php') in /home/h/hualian/xiaojin/public_html/404.php on line 2
[01-Mar-2024 07:53:35 Europe/Moscow] PHP Fatal error:  Uncaught Error: Class "CHTTP" not found in /home/h/hualian/xiaojin/public_html/404.php:4
Stack trace:
#0 /home/h/hualian/xiaojin/public_html/bitrix/urlrewrite.php(4): include_once()
#1 {main}
  thrown in /home/h/hualian/xiaojin/public_html/404.php on line 4
[01-Mar-2024 07:54:35 Europe/Moscow] PHP Warning:  include_once(/home/h/hualian/xiaojin/public_html/bitrix/modules/main/include/urlrewrite.php): Failed to open stream: No such file or directory in /home/h/hualian/xiaojin/public_html/bitrix/urlrewrite.php on line 2
[01-Mar-2024 07:54:35 Europe/Moscow] PHP Warning:  include_once(): Failed opening '/home/h/hualian/xiaojin/public_html/bitrix/modules/main/include/urlrewrite.php' for inclusion (include_path='.:/usr/share/php') in /home/h/hualian/xiaojin/public_html/bitrix/urlrewrite.php on line 2
[01-Mar-2024 07:54:35 Europe/Moscow] PHP Warning:  include_once(/home/h/hualian/xiaojin/public_html/bitrix/modules/main/include/urlrewrite.php): Failed to open stream: No such file or directory in /home/h/hualian/xiaojin/public_html/404.php on line 2
[01-Mar-2024 07:54:35 Europe/Moscow] PHP Warning:  include_once(): Failed opening '/home/h/hualian/xiaojin/public_html/bitrix/modules/main/include/urlrewrite.php' for inclusion (include_path='.:/usr/share/php') in /home/h/hualian/xiaojin/public_html/404.php on line 2
[01-Mar-2024 07:54:35 Europe/Moscow] PHP Fatal error:  Uncaught Error: Class "CHTTP" not found in /home/h/hualian/xiaojin/public_html/404.php:4
Stack trace:
#0 /home/h/hualian/xiaojin/public_html/bitrix/urlrewrite.php(4): include_once()
#1 {main}
  thrown in /home/h/hualian/xiaojin/public_html/404.php on line 4
[01-Mar-2024 07:55:35 Europe/Moscow] PHP Warning:  include_once(/home/h/hualian/xiaojin/public_html/bitrix/modules/main/include/urlrewrite.php): Failed to open stream: No such file or directory in /home/h/hualian/xiaojin/public_html/bitrix/urlrewrite.php on line 2
[01-Mar-2024 07:55:35 Europe/Moscow] PHP Warning:  include_once(): Failed opening '/home/h/hualian/xiaojin/public_html/bitrix/modules/main/include/urlrewrite.php' for inclusion (include_path='.:/usr/share/php') in /home/h/hualian/xiaojin/public_html/bitrix/urlrewrite.php on line 2
[01-Mar-2024 07:55:35 Europe/Moscow] PHP Warning:  include_once(/home/h/hualian/xiaojin/public_html/bitrix/modules/main/include/urlrewrite.php): Failed to open stream: No such file or directory in /home/h/hualian/xiaojin/public_html/404.php on line 2
[01-Mar-2024 07:55:35 Europe/Moscow] PHP Warning:  include_once(): Failed opening '/home/h/hualian/xiaojin/public_html/bitrix/modules/main/include/urlrewrite.php' for inclusion (include_path='.:/usr/share/php') in /home/h/hualian/xiaojin/public_html/404.php on line 2
[01-Mar-2024 07:55:35 Europe/Moscow] PHP Fatal error:  Uncaught Error: Class "CHTTP" not found in /home/h/hualian/xiaojin/public_html/404.php:4
Stack trace:
#0 /home/h/hualian/xiaojin/public_html/bitrix/urlrewrite.php(4): include_once()
#1 {main}
  thrown in /home/h/hualian/xiaojin/public_html/404.php on line 4
[01-Mar-2024 07:56:35 Europe/Moscow] PHP Warning:  include_once(/home/h/hualian/xiaojin/public_html/bitrix/modules/main/include/urlrewrite.php): Failed to open stream: No such file or directory in /home/h/hualian/xiaojin/public_html/bitrix/urlrewrite.php on line 2
[01-Mar-2024 07:56:35 Europe/Moscow] PHP Warning:  include_once(): Failed opening '/home/h/hualian/xiaojin/public_html/bitrix/modules/main/include/urlrewrite.php' for inclusion (include_path='.:/usr/share/php') in /home/h/hualian/xiaojin/public_html/bitrix/urlrewrite.php on line 2
[01-Mar-2024 07:56:35 Europe/Moscow] PHP Warning:  include_once(/home/h/hualian/xiaojin/public_html/bitrix/modules/main/include/urlrewrite.php): Failed to open stream: No such file or directory in /home/h/hualian/xiaojin/public_html/404.php on line 2
[01-Mar-2024 07:56:35 Europe/Moscow] PHP Warning:  include_once(): Failed opening '/home/h/hualian/xiaojin/public_html/bitrix/modules/main/include/urlrewrite.php' for inclusion (include_path='.:/usr/share/php') in /home/h/hualian/xiaojin/public_html/404.php on line 2
[01-Mar-2024 07:56:35 Europe/Moscow] PHP Fatal error:  Uncaught Error: Class "CHTTP" not found in /home/h/hualian/xiaojin/public_html/404.php:4
Stack trace:
#0 /home/h/hualian/xiaojin/public_html/bitrix/urlrewrite.php(4): include_once()
#1 {main}
  thrown in /home/h/hualian/xiaojin/public_html/404.php on line 4
[01-Mar-2024 07:57:35 Europe/Moscow] PHP Warning:  include_once(/home/h/hualian/xiaojin/public_html/bitrix/modules/main/include/urlrewrite.php): Failed to open stream: No such file or directory in /home/h/hualian/xiaojin/public_html/bitrix/urlrewrite.php on line 2
[01-Mar-2024 07:57:35 Europe/Moscow] PHP Warning:  include_once(): Failed opening '/home/h/hualian/xiaojin/public_html/bitrix/modules/main/include/urlrewrite.php' for inclusion (include_path='.:/usr/share/php') in /home/h/hualian/xiaojin/public_html/bitrix/urlrewrite.php on line 2
[01-Mar-2024 07:57:35 Europe/Moscow] PHP Warning:  include_once(/home/h/hualian/xiaojin/public_html/bitrix/modules/main/include/urlrewrite.php): Failed to open stream: No such file or directory in /home/h/hualian/xiaojin/public_html/404.php on line 2
[01-Mar-2024 07:57:35 Europe/Moscow] PHP Warning:  include_once(): Failed opening '/home/h/hualian/xiaojin/public_html/bitrix/modules/main/include/urlrewrite.php' for inclusion (include_path='.:/usr/share/php') in /home/h/hualian/xiaojin/public_html/404.php on line 2
[01-Mar-2024 07:57:35 Europe/Moscow] PHP Fatal error:  Uncaught Error: Class "CHTTP" not found in /home/h/hualian/xiaojin/public_html/404.php:4
Stack trace:
#0 /home/h/hualian/xiaojin/public_html/bitrix/urlrewrite.php(4): include_once()
#1 {main}
  thrown in /home/h/hualian/xiaojin/public_html/404.php on line 4
[01-Mar-2024 07:58:35 Europe/Moscow] PHP Warning:  include_once(/home/h/hualian/xiaojin/public_html/bitrix/modules/main/include/urlrewrite.php): Failed to open stream: No such file or directory in /home/h/hualian/xiaojin/public_html/bitrix/urlrewrite.php on line 2
[01-Mar-2024 07:58:35 Europe/Moscow] PHP Warning:  include_once(): Failed opening '/home/h/hualian/xiaojin/public_html/bitrix/modules/main/include/urlrewrite.php' for inclusion (include_path='.:/usr/share/php') in /home/h/hualian/xiaojin/public_html/bitrix/urlrewrite.php on line 2
[01-Mar-2024 07:58:35 Europe/Moscow] PHP Warning:  include_once(/home/h/hualian/xiaojin/public_html/bitrix/modules/main/include/urlrewrite.php): Failed to open stream: No such file or directory in /home/h/hualian/xiaojin/public_html/404.php on line 2
[01-Mar-2024 07:58:35 Europe/Moscow] PHP Warning:  include_once(): Failed opening '/home/h/hualian/xiaojin/public_html/bitrix/modules/main/include/urlrewrite.php' for inclusion (include_path='.:/usr/share/php') in /home/h/hualian/xiaojin/public_html/404.php on line 2
[01-Mar-2024 07:58:35 Europe/Moscow] PHP Fatal error:  Uncaught Error: Class "CHTTP" not found in /home/h/hualian/xiaojin/public_html/404.php:4
Stack trace:
#0 /home/h/hualian/xiaojin/public_html/bitrix/urlrewrite.php(4): include_once()
#1 {main}
  thrown in /home/h/hualian/xiaojin/public_html/404.php on line 4
[01-Mar-2024 07:59:35 Europe/Moscow] PHP Warning:  include_once(/home/h/hualian/xiaojin/public_html/bitrix/modules/main/include/urlrewrite.php): Failed to open stream: No such file or directory in /home/h/hualian/xiaojin/public_html/bitrix/urlrewrite.php on line 2
[01-Mar-2024 07:59:35 Europe/Moscow] PHP Warning:  include_once(): Failed opening '/home/h/hualian/xiaojin/public_html/bitrix/modules/main/include/urlrewrite.php' for inclusion (include_path='.:/usr/share/php') in /home/h/hualian/xiaojin/public_html/bitrix/urlrewrite.php on line 2
[01-Mar-2024 07:59:35 Europe/Moscow] PHP Warning:  include_once(/home/h/hualian/xiaojin/public_html/bitrix/modules/main/include/urlrewrite.php): Failed to open stream: No such file or directory in /home/h/hualian/xiaojin/public_html/404.php on line 2
[01-Mar-2024 07:59:35 Europe/Moscow] PHP Warning:  include_once(): Failed opening '/home/h/hualian/xiaojin/public_html/bitrix/modules/main/include/urlrewrite.php' for inclusion (include_path='.:/usr/share/php') in /home/h/hualian/xiaojin/public_html/404.php on line 2
[01-Mar-2024 07:59:35 Europe/Moscow] PHP Fatal error:  Uncaught Error: Class "CHTTP" not found in /home/h/hualian/xiaojin/public_html/404.php:4
Stack trace:
#0 /home/h/hualian/xiaojin/public_html/bitrix/urlrewrite.php(4): include_once()
#1 {main}
  thrown in /home/h/hualian/xiaojin/public_html/404.php on line 4
[01-Mar-2024 08:00:35 Europe/Moscow] PHP Warning:  include_once(/home/h/hualian/xiaojin/public_html/bitrix/modules/main/include/urlrewrite.php): Failed to open stream: No such file or directory in /home/h/hualian/xiaojin/public_html/bitrix/urlrewrite.php on line 2
[01-Mar-2024 08:00:35 Europe/Moscow] PHP Warning:  include_once(): Failed opening '/home/h/hualian/xiaojin/public_html/bitrix/modules/main/include/urlrewrite.php' for inclusion (include_path='.:/usr/share/php') in /home/h/hualian/xiaojin/public_html/bitrix/urlrewrite.php on line 2
[01-Mar-2024 08:00:35 Europe/Moscow] PHP Warning:  include_once(/home/h/hualian/xiaojin/public_html/bitrix/modules/main/include/urlrewrite.php): Failed to open stream: No such file or directory in /home/h/hualian/xiaojin/public_html/404.php on line 2
[01-Mar-2024 08:00:35 Europe/Moscow] PHP Warning:  include_once(): Failed opening '/home/h/hualian/xiaojin/public_html/bitrix/modules/main/include/urlrewrite.php' for inclusion (include_path='.:/usr/share/php') in /home/h/hualian/xiaojin/public_html/404.php on line 2
[01-Mar-2024 08:00:35 Europe/Moscow] PHP Fatal error:  Uncaught Error: Class "CHTTP" not found in /home/h/hualian/xiaojin/public_html/404.php:4
Stack trace:
#0 /home/h/hualian/xiaojin/public_html/bitrix/urlrewrite.php(4): include_once()
#1 {main}
  thrown in /home/h/hualian/xiaojin/public_html/404.php on line 4
[01-Mar-2024 08:01:35 Europe/Moscow] PHP Warning:  include_once(/home/h/hualian/xiaojin/public_html/bitrix/modules/main/include/urlrewrite.php): Failed to open stream: No such file or directory in /home/h/hualian/xiaojin/public_html/bitrix/urlrewrite.php on line 2
[01-Mar-2024 08:01:35 Europe/Moscow] PHP Warning:  include_once(): Failed opening '/home/h/hualian/xiaojin/public_html/bitrix/modules/main/include/urlrewrite.php' for inclusion (include_path='.:/usr/share/php') in /home/h/hualian/xiaojin/public_html/bitrix/urlrewrite.php on line 2
[01-Mar-2024 08:01:35 Europe/Moscow] PHP Warning:  include_once(/home/h/hualian/xiaojin/public_html/bitrix/modules/main/include/urlrewrite.php): Failed to open stream: No such file or directory in /home/h/hualian/xiaojin/public_html/404.php on line 2
[01-Mar-2024 08:01:35 Europe/Moscow] PHP Warning:  include_once(): Failed opening '/home/h/hualian/xiaojin/public_html/bitrix/modules/main/include/urlrewrite.php' for inclusion (include_path='.:/usr/share/php') in /home/h/hualian/xiaojin/public_html/404.php on line 2
[01-Mar-2024 08:01:35 Europe/Moscow] PHP Fatal error:  Uncaught Error: Class "CHTTP" not found in /home/h/hualian/xiaojin/public_html/404.php:4
Stack trace:
#0 /home/h/hualian/xiaojin/public_html/bitrix/urlrewrite.php(4): include_once()
#1 {main}
  thrown in /home/h/hualian/xiaojin/public_html/404.php on line 4
[01-Mar-2024 08:02:35 Europe/Moscow] PHP Warning:  include_once(/home/h/hualian/xiaojin/public_html/bitrix/modules/main/include/urlrewrite.php): Failed to open stream: No such file or directory in /home/h/hualian/xiaojin/public_html/bitrix/urlrewrite.php on line 2
[01-Mar-2024 08:02:35 Europe/Moscow] PHP Warning:  include_once(): Failed opening '/home/h/hualian/xiaojin/public_html/bitrix/modules/main/include/urlrewrite.php' for inclusion (include_path='.:/usr/share/php') in /home/h/hualian/xiaojin/public_html/bitrix/urlrewrite.php on line 2
[01-Mar-2024 08:02:35 Europe/Moscow] PHP Warning:  include_once(/home/h/hualian/xiaojin/public_html/bitrix/modules/main/include/urlrewrite.php): Failed to open stream: No such file or directory in /home/h/hualian/xiaojin/public_html/404.php on line 2
[01-Mar-2024 08:02:35 Europe/Moscow] PHP Warning:  include_once(): Failed opening '/home/h/hualian/xiaojin/public_html/bitrix/modules/main/include/urlrewrite.php' for inclusion (include_path='.:/usr/share/php') in /home/h/hualian/xiaojin/public_html/404.php on line 2
[01-Mar-2024 08:02:35 Europe/Moscow] PHP Fatal error:  Uncaught Error: Class "CHTTP" not found in /home/h/hualian/xiaojin/public_html/404.php:4
Stack trace:
#0 /home/h/hualian/xiaojin/public_html/bitrix/urlrewrite.php(4): include_once()
#1 {main}
  thrown in /home/h/hualian/xiaojin/public_html/404.php on line 4
[01-Mar-2024 08:03:35 Europe/Moscow] PHP Warning:  include_once(/home/h/hualian/xiaojin/public_html/bitrix/modules/main/include/urlrewrite.php): Failed to open stream: No such file or directory in /home/h/hualian/xiaojin/public_html/bitrix/urlrewrite.php on line 2
[01-Mar-2024 08:03:35 Europe/Moscow] PHP Warning:  include_once(): Failed opening '/home/h/hualian/xiaojin/public_html/bitrix/modules/main/include/urlrewrite.php' for inclusion (include_path='.:/usr/share/php') in /home/h/hualian/xiaojin/public_html/bitrix/urlrewrite.php on line 2
[01-Mar-2024 08:03:35 Europe/Moscow] PHP Warning:  include_once(/home/h/hualian/xiaojin/public_html/bitrix/modules/main/include/urlrewrite.php): Failed to open stream: No such file or directory in /home/h/hualian/xiaojin/public_html/404.php on line 2
[01-Mar-2024 08:03:35 Europe/Moscow] PHP Warning:  include_once(): Failed opening '/home/h/hualian/xiaojin/public_html/bitrix/modules/main/include/urlrewrite.php' for inclusion (include_path='.:/usr/share/php') in /home/h/hualian/xiaojin/public_html/404.php on line 2
[01-Mar-2024 08:03:35 Europe/Moscow] PHP Fatal error:  Uncaught Error: Class "CHTTP" not found in /home/h/hualian/xiaojin/public_html/404.php:4
Stack trace:
#0 /home/h/hualian/xiaojin/public_html/bitrix/urlrewrite.php(4): include_once()
#1 {main}
  thrown in /home/h/hualian/xiaojin/public_html/404.php on line 4
[01-Mar-2024 08:03:48 Europe/Moscow] PHP Warning:  require_once(/home/h/hualian/xiaojin/public_html/bitrix/modules/main/include/prolog.php): Failed to open stream: No such file or directory in /home/h/hualian/xiaojin/public_html/bitrix/header.php on line 1
[01-Mar-2024 08:03:48 Europe/Moscow] PHP Fatal error:  Uncaught Error: Failed opening required '/home/h/hualian/xiaojin/public_html/bitrix/modules/main/include/prolog.php' (include_path='.:/usr/share/php') in /home/h/hualian/xiaojin/public_html/bitrix/header.php:1
Stack trace:
#0 /home/h/hualian/xiaojin/public_html/index.php(2): require()
#1 {main}
  thrown in /home/h/hualian/xiaojin/public_html/bitrix/header.php on line 1
[01-Mar-2024 08:05:35 Europe/Moscow] PHP Warning:  include_once(/home/h/hualian/xiaojin/public_html/bitrix/modules/main/include/urlrewrite.php): Failed to open stream: No such file or directory in /home/h/hualian/xiaojin/public_html/bitrix/urlrewrite.php on line 2
[01-Mar-2024 08:05:35 Europe/Moscow] PHP Warning:  include_once(): Failed opening '/home/h/hualian/xiaojin/public_html/bitrix/modules/main/include/urlrewrite.php' for inclusion (include_path='.:/usr/share/php') in /home/h/hualian/xiaojin/public_html/bitrix/urlrewrite.php on line 2
[01-Mar-2024 08:05:35 Europe/Moscow] PHP Warning:  include_once(/home/h/hualian/xiaojin/public_html/bitrix/modules/main/include/urlrewrite.php): Failed to open stream: No such file or directory in /home/h/hualian/xiaojin/public_html/404.php on line 2
[01-Mar-2024 08:05:35 Europe/Moscow] PHP Warning:  include_once(): Failed opening '/home/h/hualian/xiaojin/public_html/bitrix/modules/main/include/urlrewrite.php' for inclusion (include_path='.:/usr/share/php') in /home/h/hualian/xiaojin/public_html/404.php on line 2
[01-Mar-2024 08:05:35 Europe/Moscow] PHP Fatal error:  Uncaught Error: Class "CHTTP" not found in /home/h/hualian/xiaojin/public_html/404.php:4
Stack trace:
#0 /home/h/hualian/xiaojin/public_html/bitrix/urlrewrite.php(4): include_once()
#1 {main}
  thrown in /home/h/hualian/xiaojin/public_html/404.php on line 4
[01-Mar-2024 08:06:35 Europe/Moscow] PHP Warning:  include_once(/home/h/hualian/xiaojin/public_html/bitrix/modules/main/include/urlrewrite.php): Failed to open stream: No such file or directory in /home/h/hualian/xiaojin/public_html/bitrix/urlrewrite.php on line 2
[01-Mar-2024 08:06:35 Europe/Moscow] PHP Warning:  include_once(): Failed opening '/home/h/hualian/xiaojin/public_html/bitrix/modules/main/include/urlrewrite.php' for inclusion (include_path='.:/usr/share/php') in /home/h/hualian/xiaojin/public_html/bitrix/urlrewrite.php on line 2
[01-Mar-2024 08:06:35 Europe/Moscow] PHP Warning:  include_once(/home/h/hualian/xiaojin/public_html/bitrix/modules/main/include/urlrewrite.php): Failed to open stream: No such file or directory in /home/h/hualian/xiaojin/public_html/404.php on line 2
[01-Mar-2024 08:06:35 Europe/Moscow] PHP Warning:  include_once(): Failed opening '/home/h/hualian/xiaojin/public_html/bitrix/modules/main/include/urlrewrite.php' for inclusion (include_path='.:/usr/share/php') in /home/h/hualian/xiaojin/public_html/404.php on line 2
[01-Mar-2024 08:06:35 Europe/Moscow] PHP Fatal error:  Uncaught Error: Class "CHTTP" not found in /home/h/hualian/xiaojin/public_html/404.php:4
Stack trace:
#0 /home/h/hualian/xiaojin/public_html/bitrix/urlrewrite.php(4): include_once()
#1 {main}
  thrown in /home/h/hualian/xiaojin/public_html/404.php on line 4
[01-Mar-2024 08:07:35 Europe/Moscow] PHP Warning:  include_once(/home/h/hualian/xiaojin/public_html/bitrix/modules/main/include/urlrewrite.php): Failed to open stream: No such file or directory in /home/h/hualian/xiaojin/public_html/bitrix/urlrewrite.php on line 2
[01-Mar-2024 08:07:35 Europe/Moscow] PHP Warning:  include_once(): Failed opening '/home/h/hualian/xiaojin/public_html/bitrix/modules/main/include/urlrewrite.php' for inclusion (include_path='.:/usr/share/php') in /home/h/hualian/xiaojin/public_html/bitrix/urlrewrite.php on line 2
[01-Mar-2024 08:07:35 Europe/Moscow] PHP Warning:  include_once(/home/h/hualian/xiaojin/public_html/bitrix/modules/main/include/urlrewrite.php): Failed to open stream: No such file or directory in /home/h/hualian/xiaojin/public_html/404.php on line 2
[01-Mar-2024 08:07:35 Europe/Moscow] PHP Warning:  include_once(): Failed opening '/home/h/hualian/xiaojin/public_html/bitrix/modules/main/include/urlrewrite.php' for inclusion (include_path='.:/usr/share/php') in /home/h/hualian/xiaojin/public_html/404.php on line 2
[01-Mar-2024 08:07:35 Europe/Moscow] PHP Fatal error:  Uncaught Error: Class "CHTTP" not found in /home/h/hualian/xiaojin/public_html/404.php:4
Stack trace:
#0 /home/h/hualian/xiaojin/public_html/bitrix/urlrewrite.php(4): include_once()
#1 {main}
  thrown in /home/h/hualian/xiaojin/public_html/404.php on line 4
[01-Mar-2024 08:08:35 Europe/Moscow] PHP Warning:  include_once(/home/h/hualian/xiaojin/public_html/bitrix/modules/main/include/urlrewrite.php): Failed to open stream: No such file or directory in /home/h/hualian/xiaojin/public_html/bitrix/urlrewrite.php on line 2
[01-Mar-2024 08:08:35 Europe/Moscow] PHP Warning:  include_once(): Failed opening '/home/h/hualian/xiaojin/public_html/bitrix/modules/main/include/urlrewrite.php' for inclusion (include_path='.:/usr/share/php') in /home/h/hualian/xiaojin/public_html/bitrix/urlrewrite.php on line 2
[01-Mar-2024 08:08:35 Europe/Moscow] PHP Warning:  include_once(/home/h/hualian/xiaojin/public_html/bitrix/modules/main/include/urlrewrite.php): Failed to open stream: No such file or directory in /home/h/hualian/xiaojin/public_html/404.php on line 2
[01-Mar-2024 08:08:35 Europe/Moscow] PHP Warning:  include_once(): Failed opening '/home/h/hualian/xiaojin/public_html/bitrix/modules/main/include/urlrewrite.php' for inclusion (include_path='.:/usr/share/php') in /home/h/hualian/xiaojin/public_html/404.php on line 2
[01-Mar-2024 08:08:35 Europe/Moscow] PHP Fatal error:  Uncaught Error: Class "CHTTP" not found in /home/h/hualian/xiaojin/public_html/404.php:4
Stack trace:
#0 /home/h/hualian/xiaojin/public_html/bitrix/urlrewrite.php(4): include_once()
#1 {main}
  thrown in /home/h/hualian/xiaojin/public_html/404.php on line 4
[01-Mar-2024 08:09:35 Europe/Moscow] PHP Warning:  include_once(/home/h/hualian/xiaojin/public_html/bitrix/modules/main/include/urlrewrite.php): Failed to open stream: No such file or directory in /home/h/hualian/xiaojin/public_html/bitrix/urlrewrite.php on line 2
[01-Mar-2024 08:09:35 Europe/Moscow] PHP Warning:  include_once(): Failed opening '/home/h/hualian/xiaojin/public_html/bitrix/modules/main/include/urlrewrite.php' for inclusion (include_path='.:/usr/share/php') in /home/h/hualian/xiaojin/public_html/bitrix/urlrewrite.php on line 2
[01-Mar-2024 08:09:35 Europe/Moscow] PHP Warning:  include_once(/home/h/hualian/xiaojin/public_html/bitrix/modules/main/include/urlrewrite.php): Failed to open stream: No such file or directory in /home/h/hualian/xiaojin/public_html/404.php on line 2
[01-Mar-2024 08:09:35 Europe/Moscow] PHP Warning:  include_once(): Failed opening '/home/h/hualian/xiaojin/public_html/bitrix/modules/main/include/urlrewrite.php' for inclusion (include_path='.:/usr/share/php') in /home/h/hualian/xiaojin/public_html/404.php on line 2
[01-Mar-2024 08:09:35 Europe/Moscow] PHP Fatal error:  Uncaught Error: Class "CHTTP" not found in /home/h/hualian/xiaojin/public_html/404.php:4
Stack trace:
#0 /home/h/hualian/xiaojin/public_html/bitrix/urlrewrite.php(4): include_once()
#1 {main}
  thrown in /home/h/hualian/xiaojin/public_html/404.php on line 4
[01-Mar-2024 08:10:35 Europe/Moscow] PHP Warning:  include_once(/home/h/hualian/xiaojin/public_html/bitrix/modules/main/include/urlrewrite.php): Failed to open stream: No such file or directory in /home/h/hualian/xiaojin/public_html/bitrix/urlrewrite.php on line 2
[01-Mar-2024 08:10:35 Europe/Moscow] PHP Warning:  include_once(): Failed opening '/home/h/hualian/xiaojin/public_html/bitrix/modules/main/include/urlrewrite.php' for inclusion (include_path='.:/usr/share/php') in /home/h/hualian/xiaojin/public_html/bitrix/urlrewrite.php on line 2
[01-Mar-2024 08:10:35 Europe/Moscow] PHP Warning:  include_once(/home/h/hualian/xiaojin/public_html/bitrix/modules/main/include/urlrewrite.php): Failed to open stream: No such file or directory in /home/h/hualian/xiaojin/public_html/404.php on line 2
[01-Mar-2024 08:10:35 Europe/Moscow] PHP Warning:  include_once(): Failed opening '/home/h/hualian/xiaojin/public_html/bitrix/modules/main/include/urlrewrite.php' for inclusion (include_path='.:/usr/share/php') in /home/h/hualian/xiaojin/public_html/404.php on line 2
[01-Mar-2024 08:10:35 Europe/Moscow] PHP Fatal error:  Uncaught Error: Class "CHTTP" not found in /home/h/hualian/xiaojin/public_html/404.php:4
Stack trace:
#0 /home/h/hualian/xiaojin/public_html/bitrix/urlrewrite.php(4): include_once()
#1 {main}
  thrown in /home/h/hualian/xiaojin/public_html/404.php on line 4
[01-Mar-2024 08:11:35 Europe/Moscow] PHP Warning:  include_once(/home/h/hualian/xiaojin/public_html/bitrix/modules/main/include/urlrewrite.php): Failed to open stream: No such file or directory in /home/h/hualian/xiaojin/public_html/bitrix/urlrewrite.php on line 2
[01-Mar-2024 08:11:35 Europe/Moscow] PHP Warning:  include_once(): Failed opening '/home/h/hualian/xiaojin/public_html/bitrix/modules/main/include/urlrewrite.php' for inclusion (include_path='.:/usr/share/php') in /home/h/hualian/xiaojin/public_html/bitrix/urlrewrite.php on line 2
[01-Mar-2024 08:11:35 Europe/Moscow] PHP Warning:  include_once(/home/h/hualian/xiaojin/public_html/bitrix/modules/main/include/urlrewrite.php): Failed to open stream: No such file or directory in /home/h/hualian/xiaojin/public_html/404.php on line 2
[01-Mar-2024 08:11:35 Europe/Moscow] PHP Warning:  include_once(): Failed opening '/home/h/hualian/xiaojin/public_html/bitrix/modules/main/include/urlrewrite.php' for inclusion (include_path='.:/usr/share/php') in /home/h/hualian/xiaojin/public_html/404.php on line 2
[01-Mar-2024 08:11:35 Europe/Moscow] PHP Fatal error:  Uncaught Error: Class "CHTTP" not found in /home/h/hualian/xiaojin/public_html/404.php:4
Stack trace:
#0 /home/h/hualian/xiaojin/public_html/bitrix/urlrewrite.php(4): include_once()
#1 {main}
  thrown in /home/h/hualian/xiaojin/public_html/404.php on line 4
[01-Mar-2024 08:12:32 Europe/Moscow] PHP Warning:  require_once(/home/h/hualian/xiaojin/public_html/bitrix/modules/main/include/prolog.php): Failed to open stream: No such file or directory in /home/h/hualian/xiaojin/public_html/bitrix/header.php on line 1
[01-Mar-2024 08:12:32 Europe/Moscow] PHP Fatal error:  Uncaught Error: Failed opening required '/home/h/hualian/xiaojin/public_html/bitrix/modules/main/include/prolog.php' (include_path='.:/usr/share/php') in /home/h/hualian/xiaojin/public_html/bitrix/header.php:1
Stack trace:
#0 /home/h/hualian/xiaojin/public_html/index.php(2): require()
#1 {main}
  thrown in /home/h/hualian/xiaojin/public_html/bitrix/header.php on line 1
[01-Mar-2024 08:12:35 Europe/Moscow] PHP Warning:  include_once(/home/h/hualian/xiaojin/public_html/bitrix/modules/main/include/urlrewrite.php): Failed to open stream: No such file or directory in /home/h/hualian/xiaojin/public_html/bitrix/urlrewrite.php on line 2
[01-Mar-2024 08:12:35 Europe/Moscow] PHP Warning:  include_once(): Failed opening '/home/h/hualian/xiaojin/public_html/bitrix/modules/main/include/urlrewrite.php' for inclusion (include_path='.:/usr/share/php') in /home/h/hualian/xiaojin/public_html/bitrix/urlrewrite.php on line 2
[01-Mar-2024 08:12:35 Europe/Moscow] PHP Warning:  include_once(/home/h/hualian/xiaojin/public_html/bitrix/modules/main/include/urlrewrite.php): Failed to open stream: No such file or directory in /home/h/hualian/xiaojin/public_html/404.php on line 2
[01-Mar-2024 08:12:35 Europe/Moscow] PHP Warning:  include_once(): Failed opening '/home/h/hualian/xiaojin/public_html/bitrix/modules/main/include/urlrewrite.php' for inclusion (include_path='.:/usr/share/php') in /home/h/hualian/xiaojin/public_html/404.php on line 2
[01-Mar-2024 08:12:35 Europe/Moscow] PHP Fatal error:  Uncaught Error: Class "CHTTP" not found in /home/h/hualian/xiaojin/public_html/404.php:4
Stack trace:
#0 /home/h/hualian/xiaojin/public_html/bitrix/urlrewrite.php(4): include_once()
#1 {main}
  thrown in /home/h/hualian/xiaojin/public_html/404.php on line 4
[01-Mar-2024 08:13:35 Europe/Moscow] PHP Warning:  include_once(/home/h/hualian/xiaojin/public_html/bitrix/modules/main/include/urlrewrite.php): Failed to open stream: No such file or directory in /home/h/hualian/xiaojin/public_html/bitrix/urlrewrite.php on line 2
[01-Mar-2024 08:13:35 Europe/Moscow] PHP Warning:  include_once(): Failed opening '/home/h/hualian/xiaojin/public_html/bitrix/modules/main/include/urlrewrite.php' for inclusion (include_path='.:/usr/share/php') in /home/h/hualian/xiaojin/public_html/bitrix/urlrewrite.php on line 2
[01-Mar-2024 08:13:35 Europe/Moscow] PHP Warning:  include_once(/home/h/hualian/xiaojin/public_html/bitrix/modules/main/include/urlrewrite.php): Failed to open stream: No such file or directory in /home/h/hualian/xiaojin/public_html/404.php on line 2
[01-Mar-2024 08:13:35 Europe/Moscow] PHP Warning:  include_once(): Failed opening '/home/h/hualian/xiaojin/public_html/bitrix/modules/main/include/urlrewrite.php' for inclusion (include_path='.:/usr/share/php') in /home/h/hualian/xiaojin/public_html/404.php on line 2
[01-Mar-2024 08:13:35 Europe/Moscow] PHP Fatal error:  Uncaught Error: Class "CHTTP" not found in /home/h/hualian/xiaojin/public_html/404.php:4
Stack trace:
#0 /home/h/hualian/xiaojin/public_html/bitrix/urlrewrite.php(4): include_once()
#1 {main}
  thrown in /home/h/hualian/xiaojin/public_html/404.php on line 4
[01-Mar-2024 08:14:35 Europe/Moscow] PHP Warning:  include_once(/home/h/hualian/xiaojin/public_html/bitrix/modules/main/include/urlrewrite.php): Failed to open stream: No such file or directory in /home/h/hualian/xiaojin/public_html/bitrix/urlrewrite.php on line 2
[01-Mar-2024 08:14:35 Europe/Moscow] PHP Warning:  include_once(): Failed opening '/home/h/hualian/xiaojin/public_html/bitrix/modules/main/include/urlrewrite.php' for inclusion (include_path='.:/usr/share/php') in /home/h/hualian/xiaojin/public_html/bitrix/urlrewrite.php on line 2
[01-Mar-2024 08:14:35 Europe/Moscow] PHP Warning:  include_once(/home/h/hualian/xiaojin/public_html/bitrix/modules/main/include/urlrewrite.php): Failed to open stream: No such file or directory in /home/h/hualian/xiaojin/public_html/404.php on line 2
[01-Mar-2024 08:14:35 Europe/Moscow] PHP Warning:  include_once(): Failed opening '/home/h/hualian/xiaojin/public_html/bitrix/modules/main/include/urlrewrite.php' for inclusion (include_path='.:/usr/share/php') in /home/h/hualian/xiaojin/public_html/404.php on line 2
[01-Mar-2024 08:14:35 Europe/Moscow] PHP Fatal error:  Uncaught Error: Class "CHTTP" not found in /home/h/hualian/xiaojin/public_html/404.php:4
Stack trace:
#0 /home/h/hualian/xiaojin/public_html/bitrix/urlrewrite.php(4): include_once()
#1 {main}
  thrown in /home/h/hualian/xiaojin/public_html/404.php on line 4
[01-Mar-2024 08:15:11 Europe/Moscow] PHP Warning:  require_once(/home/h/hualian/xiaojin/public_html/bitrix/modules/main/include/prolog.php): Failed to open stream: No such file or directory in /home/h/hualian/xiaojin/public_html/bitrix/header.php on line 1
[01-Mar-2024 08:15:11 Europe/Moscow] PHP Fatal error:  Uncaught Error: Failed opening required '/home/h/hualian/xiaojin/public_html/bitrix/modules/main/include/prolog.php' (include_path='.:/usr/share/php') in /home/h/hualian/xiaojin/public_html/bitrix/header.php:1
Stack trace:
#0 /home/h/hualian/xiaojin/public_html/index.php(2): require()
#1 {main}
  thrown in /home/h/hualian/xiaojin/public_html/bitrix/header.php on line 1
[01-Mar-2024 08:16:35 Europe/Moscow] PHP Warning:  include_once(/home/h/hualian/xiaojin/public_html/bitrix/modules/main/include/urlrewrite.php): Failed to open stream: No such file or directory in /home/h/hualian/xiaojin/public_html/bitrix/urlrewrite.php on line 2
[01-Mar-2024 08:16:35 Europe/Moscow] PHP Warning:  include_once(): Failed opening '/home/h/hualian/xiaojin/public_html/bitrix/modules/main/include/urlrewrite.php' for inclusion (include_path='.:/usr/share/php') in /home/h/hualian/xiaojin/public_html/bitrix/urlrewrite.php on line 2
[01-Mar-2024 08:16:35 Europe/Moscow] PHP Warning:  include_once(/home/h/hualian/xiaojin/public_html/bitrix/modules/main/include/urlrewrite.php): Failed to open stream: No such file or directory in /home/h/hualian/xiaojin/public_html/404.php on line 2
[01-Mar-2024 08:16:35 Europe/Moscow] PHP Warning:  include_once(): Failed opening '/home/h/hualian/xiaojin/public_html/bitrix/modules/main/include/urlrewrite.php' for inclusion (include_path='.:/usr/share/php') in /home/h/hualian/xiaojin/public_html/404.php on line 2
[01-Mar-2024 08:16:35 Europe/Moscow] PHP Fatal error:  Uncaught Error: Class "CHTTP" not found in /home/h/hualian/xiaojin/public_html/404.php:4
Stack trace:
#0 /home/h/hualian/xiaojin/public_html/bitrix/urlrewrite.php(4): include_once()
#1 {main}
  thrown in /home/h/hualian/xiaojin/public_html/404.php on line 4
[01-Mar-2024 08:17:35 Europe/Moscow] PHP Warning:  include_once(/home/h/hualian/xiaojin/public_html/bitrix/modules/main/include/urlrewrite.php): Failed to open stream: No such file or directory in /home/h/hualian/xiaojin/public_html/bitrix/urlrewrite.php on line 2
[01-Mar-2024 08:17:35 Europe/Moscow] PHP Warning:  include_once(): Failed opening '/home/h/hualian/xiaojin/public_html/bitrix/modules/main/include/urlrewrite.php' for inclusion (include_path='.:/usr/share/php') in /home/h/hualian/xiaojin/public_html/bitrix/urlrewrite.php on line 2
[01-Mar-2024 08:17:35 Europe/Moscow] PHP Warning:  include_once(/home/h/hualian/xiaojin/public_html/bitrix/modules/main/include/urlrewrite.php): Failed to open stream: No such file or directory in /home/h/hualian/xiaojin/public_html/404.php on line 2
[01-Mar-2024 08:17:35 Europe/Moscow] PHP Warning:  include_once(): Failed opening '/home/h/hualian/xiaojin/public_html/bitrix/modules/main/include/urlrewrite.php' for inclusion (include_path='.:/usr/share/php') in /home/h/hualian/xiaojin/public_html/404.php on line 2
[01-Mar-2024 08:17:35 Europe/Moscow] PHP Fatal error:  Uncaught Error: Class "CHTTP" not found in /home/h/hualian/xiaojin/public_html/404.php:4
Stack trace:
#0 /home/h/hualian/xiaojin/public_html/bitrix/urlrewrite.php(4): include_once()
#1 {main}
  thrown in /home/h/hualian/xiaojin/public_html/404.php on line 4
[01-Mar-2024 08:18:35 Europe/Moscow] PHP Warning:  include_once(/home/h/hualian/xiaojin/public_html/bitrix/modules/main/include/urlrewrite.php): Failed to open stream: No such file or directory in /home/h/hualian/xiaojin/public_html/bitrix/urlrewrite.php on line 2
[01-Mar-2024 08:18:35 Europe/Moscow] PHP Warning:  include_once(): Failed opening '/home/h/hualian/xiaojin/public_html/bitrix/modules/main/include/urlrewrite.php' for inclusion (include_path='.:/usr/share/php') in /home/h/hualian/xiaojin/public_html/bitrix/urlrewrite.php on line 2
[01-Mar-2024 08:18:35 Europe/Moscow] PHP Warning:  include_once(/home/h/hualian/xiaojin/public_html/bitrix/modules/main/include/urlrewrite.php): Failed to open stream: No such file or directory in /home/h/hualian/xiaojin/public_html/404.php on line 2
[01-Mar-2024 08:18:35 Europe/Moscow] PHP Warning:  include_once(): Failed opening '/home/h/hualian/xiaojin/public_html/bitrix/modules/main/include/urlrewrite.php' for inclusion (include_path='.:/usr/share/php') in /home/h/hualian/xiaojin/public_html/404.php on line 2
[01-Mar-2024 08:18:35 Europe/Moscow] PHP Fatal error:  Uncaught Error: Class "CHTTP" not found in /home/h/hualian/xiaojin/public_html/404.php:4
Stack trace:
#0 /home/h/hualian/xiaojin/public_html/bitrix/urlrewrite.php(4): include_once()
#1 {main}
  thrown in /home/h/hualian/xiaojin/public_html/404.php on line 4
[01-Mar-2024 08:19:30 Europe/Moscow] PHP Warning:  require_once(/home/h/hualian/xiaojin/public_html/bitrix/modules/main/include/prolog.php): Failed to open stream: No such file or directory in /home/h/hualian/xiaojin/public_html/bitrix/header.php on line 1
[01-Mar-2024 08:19:30 Europe/Moscow] PHP Fatal error:  Uncaught Error: Failed opening required '/home/h/hualian/xiaojin/public_html/bitrix/modules/main/include/prolog.php' (include_path='.:/usr/share/php') in /home/h/hualian/xiaojin/public_html/bitrix/header.php:1
Stack trace:
#0 /home/h/hualian/xiaojin/public_html/index.php(2): require()
#1 {main}
  thrown in /home/h/hualian/xiaojin/public_html/bitrix/header.php on line 1
[01-Mar-2024 08:19:35 Europe/Moscow] PHP Warning:  include_once(/home/h/hualian/xiaojin/public_html/bitrix/modules/main/include/urlrewrite.php): Failed to open stream: No such file or directory in /home/h/hualian/xiaojin/public_html/bitrix/urlrewrite.php on line 2
[01-Mar-2024 08:19:35 Europe/Moscow] PHP Warning:  include_once(): Failed opening '/home/h/hualian/xiaojin/public_html/bitrix/modules/main/include/urlrewrite.php' for inclusion (include_path='.:/usr/share/php') in /home/h/hualian/xiaojin/public_html/bitrix/urlrewrite.php on line 2
[01-Mar-2024 08:19:35 Europe/Moscow] PHP Warning:  include_once(/home/h/hualian/xiaojin/public_html/bitrix/modules/main/include/urlrewrite.php): Failed to open stream: No such file or directory in /home/h/hualian/xiaojin/public_html/404.php on line 2
[01-Mar-2024 08:19:35 Europe/Moscow] PHP Warning:  include_once(): Failed opening '/home/h/hualian/xiaojin/public_html/bitrix/modules/main/include/urlrewrite.php' for inclusion (include_path='.:/usr/share/php') in /home/h/hualian/xiaojin/public_html/404.php on line 2
[01-Mar-2024 08:19:35 Europe/Moscow] PHP Fatal error:  Uncaught Error: Class "CHTTP" not found in /home/h/hualian/xiaojin/public_html/404.php:4
Stack trace:
#0 /home/h/hualian/xiaojin/public_html/bitrix/urlrewrite.php(4): include_once()
#1 {main}
  thrown in /home/h/hualian/xiaojin/public_html/404.php on line 4
[01-Mar-2024 08:20:35 Europe/Moscow] PHP Warning:  include_once(/home/h/hualian/xiaojin/public_html/bitrix/modules/main/include/urlrewrite.php): Failed to open stream: No such file or directory in /home/h/hualian/xiaojin/public_html/bitrix/urlrewrite.php on line 2
[01-Mar-2024 08:20:35 Europe/Moscow] PHP Warning:  include_once(): Failed opening '/home/h/hualian/xiaojin/public_html/bitrix/modules/main/include/urlrewrite.php' for inclusion (include_path='.:/usr/share/php') in /home/h/hualian/xiaojin/public_html/bitrix/urlrewrite.php on line 2
[01-Mar-2024 08:20:35 Europe/Moscow] PHP Warning:  include_once(/home/h/hualian/xiaojin/public_html/bitrix/modules/main/include/urlrewrite.php): Failed to open stream: No such file or directory in /home/h/hualian/xiaojin/public_html/404.php on line 2
[01-Mar-2024 08:20:35 Europe/Moscow] PHP Warning:  include_once(): Failed opening '/home/h/hualian/xiaojin/public_html/bitrix/modules/main/include/urlrewrite.php' for inclusion (include_path='.:/usr/share/php') in /home/h/hualian/xiaojin/public_html/404.php on line 2
[01-Mar-2024 08:20:35 Europe/Moscow] PHP Fatal error:  Uncaught Error: Class "CHTTP" not found in /home/h/hualian/xiaojin/public_html/404.php:4
Stack trace:
#0 /home/h/hualian/xiaojin/public_html/bitrix/urlrewrite.php(4): include_once()
#1 {main}
  thrown in /home/h/hualian/xiaojin/public_html/404.php on line 4
[01-Mar-2024 08:21:35 Europe/Moscow] PHP Fatal error:  Uncaught Error: Failed opening required '/home/h/hualian/xiaojin/public_html/bitrix/modules/main/include/../lib/loader.php' (include_path='.:/usr/share/php') in /home/h/hualian/xiaojin/public_html/bitrix/modules/main/include/urlrewrite.php:8
Stack trace:
#0 /home/h/hualian/xiaojin/public_html/bitrix/urlrewrite.php(2): include_once()
#1 {main}
  thrown in /home/h/hualian/xiaojin/public_html/bitrix/modules/main/include/urlrewrite.php on line 8
[01-Mar-2024 08:22:35 Europe/Moscow] PHP Fatal error:  Uncaught Error: Failed opening required '/home/h/hualian/xiaojin/public_html/bitrix/modules/main/include/../lib/loader.php' (include_path='.:/usr/share/php') in /home/h/hualian/xiaojin/public_html/bitrix/modules/main/include/urlrewrite.php:8
Stack trace:
#0 /home/h/hualian/xiaojin/public_html/bitrix/urlrewrite.php(2): include_once()
#1 {main}
  thrown in /home/h/hualian/xiaojin/public_html/bitrix/modules/main/include/urlrewrite.php on line 8
[01-Mar-2024 08:23:35 Europe/Moscow] PHP Fatal error:  Uncaught Error: Failed opening required '/home/h/hualian/xiaojin/public_html/bitrix/modules/main/include/../lib/loader.php' (include_path='.:/usr/share/php') in /home/h/hualian/xiaojin/public_html/bitrix/modules/main/include/urlrewrite.php:8
Stack trace:
#0 /home/h/hualian/xiaojin/public_html/bitrix/urlrewrite.php(2): include_once()
#1 {main}
  thrown in /home/h/hualian/xiaojin/public_html/bitrix/modules/main/include/urlrewrite.php on line 8
[01-Mar-2024 08:24:35 Europe/Moscow] PHP Fatal error:  Uncaught Error: Failed opening required '/home/h/hualian/xiaojin/public_html/bitrix/modules/main/include/../lib/loader.php' (include_path='.:/usr/share/php') in /home/h/hualian/xiaojin/public_html/bitrix/modules/main/include/urlrewrite.php:8
Stack trace:
#0 /home/h/hualian/xiaojin/public_html/bitrix/urlrewrite.php(2): include_once()
#1 {main}
  thrown in /home/h/hualian/xiaojin/public_html/bitrix/modules/main/include/urlrewrite.php on line 8
[01-Mar-2024 08:25:35 Europe/Moscow] PHP Fatal error:  Uncaught Error: Failed opening required '/home/h/hualian/xiaojin/public_html/bitrix/php_interface/dbconn.php' (include_path='.:/usr/share/php') in /home/h/hualian/xiaojin/public_html/bitrix/modules/main/include/urlrewrite.php:39
Stack trace:
#0 /home/h/hualian/xiaojin/public_html/bitrix/urlrewrite.php(2): include_once()
#1 {main}
  thrown in /home/h/hualian/xiaojin/public_html/bitrix/modules/main/include/urlrewrite.php on line 39
[01-Mar-2024 08:26:35 Europe/Moscow] PHP Fatal error:  Uncaught Error: Failed opening required '/home/h/hualian/xiaojin/public_html/bitrix/php_interface/dbconn.php' (include_path='.:/usr/share/php') in /home/h/hualian/xiaojin/public_html/bitrix/modules/main/include/urlrewrite.php:39
Stack trace:
#0 /home/h/hualian/xiaojin/public_html/bitrix/urlrewrite.php(2): include_once()
#1 {main}
  thrown in /home/h/hualian/xiaojin/public_html/bitrix/modules/main/include/urlrewrite.php on line 39
[05-Mar-2024 08:03:28 Europe/Moscow] PHP Fatal error:  CTopPanel::GetPanelHtml(): Cannot use output buffering in output buffering display handlers in /home/h/hualian/xiaojin/public_html/bitrix/modules/main/public/top_panel.php on line 1511
[05-Mar-2024 08:05:00 Europe/Moscow] PHP Fatal error:  CTopPanel::GetPanelHtml(): Cannot use output buffering in output buffering display handlers in /home/h/hualian/xiaojin/public_html/bitrix/modules/main/public/top_panel.php on line 1511
[05-Mar-2024 08:05:40 Europe/Moscow] PHP Fatal error:  CTopPanel::GetPanelHtml(): Cannot use output buffering in output buffering display handlers in /home/h/hualian/xiaojin/public_html/bitrix/modules/main/public/top_panel.php on line 1511
[05-Mar-2024 10:05:55 Europe/Moscow] PHP Parse error:  syntax error, unexpected token "}" in /home/h/hualian/xiaojin/public_html/catalog/index.php on line 268
[05-Apr-2024 17:32:34 Europe/Moscow] PHP Parse error:  syntax error, unexpected token "foreach" in /home/h/hualian/xiaojin/public_html/catalog/detail.php on line 12
[05-Apr-2024 17:32:35 Europe/Moscow] PHP Parse error:  syntax error, unexpected token "foreach" in /home/h/hualian/xiaojin/public_html/catalog/detail.php on line 12
[05-Apr-2024 17:32:37 Europe/Moscow] PHP Parse error:  syntax error, unexpected token "foreach" in /home/h/hualian/xiaojin/public_html/catalog/detail.php on line 12
[05-Apr-2024 17:32:38 Europe/Moscow] PHP Parse error:  syntax error, unexpected token "foreach" in /home/h/hualian/xiaojin/public_html/catalog/detail.php on line 12
[08-Apr-2024 08:02:27 Europe/Moscow] PHP Fatal error:  base64_encode(): Cannot use output buffering in output buffering display handlers in /home/h/hualian/xiaojin/public_html/bitrix/modules/seo/include.php on line 81
[08-Apr-2024 08:10:30 Europe/Moscow] PHP Fatal error:  base64_encode(): Cannot use output buffering in output buffering display handlers in /home/h/hualian/xiaojin/public_html/bitrix/modules/seo/include.php on line 81
[08-Apr-2024 08:10:40 Europe/Moscow] PHP Fatal error:  base64_encode(): Cannot use output buffering in output buffering display handlers in /home/h/hualian/xiaojin/public_html/bitrix/modules/seo/include.php on line 81
[08-Apr-2024 08:10:44 Europe/Moscow] PHP Fatal error:  base64_encode(): Cannot use output buffering in output buffering display handlers in /home/h/hualian/xiaojin/public_html/bitrix/modules/seo/include.php on line 81
[08-Apr-2024 08:11:01 Europe/Moscow] PHP Fatal error:  base64_encode(): Cannot use output buffering in output buffering display handlers in /home/h/hualian/xiaojin/public_html/bitrix/modules/seo/include.php on line 81
[08-Apr-2024 08:11:05 Europe/Moscow] PHP Fatal error:  base64_encode(): Cannot use output buffering in output buffering display handlers in /home/h/hualian/xiaojin/public_html/bitrix/modules/seo/include.php on line 81
